This file contains any messages produced by compilers while
running configure, to aid debugging if configure makes a mistake.

It was created by configure, which was
generated by GNU Autoconf 2.53.  Invocation command line was

  $ ./configure 

## --------- ##
## Platform. ##
## --------- ##

hostname = 
uname -m = BePC
uname -r = 5.0
uname -s = BeOS
uname -v = 1000009

/usr/bin/uname -p = unknown
/bin/uname -X     = unknown

/bin/arch              = unknown
/usr/bin/arch -k       = unknown
/usr/convex/getsysinfo = unknown
hostinfo               = unknown
/bin/machine           = unknown
/usr/bin/oslevel       = unknown
/bin/universe          = unknown

PATH: .
PATH: /boot/home/config/bin
PATH: /bin
PATH: /boot/apps
PATH: /boot/preferences
PATH: /boot/beos/apps
PATH: /boot/beos/preferences
PATH: /boot/develop/tools/gnupro/bin
PATH: /boot/apps/X11R6.4/bin
PATH: /boot/apps/GeekGadgets/bin
PATH: /boot/home/bin


## ----------- ##
## Core tests. ##
## ----------- ##

configure:1251: checking for a BSD-compatible install
configure:1305: result: /bin/install -c
configure:1316: checking whether build environment is sane
configure:1359: result: yes
configure:1393: checking for gawk
configure:1409: found /bin/gawk
configure:1419: result: gawk
configure:1429: checking whether make sets ${MAKE}
configure:1449: result: yes
configure:1577: checking build system type
configure:1595: result: i586-pc-beos
configure:1603: checking host system type
configure:1617: result: i586-pc-beos
configure:1629: checking for gawk
configure:1655: result: gawk
configure:1711: checking for gcc
configure:1727: found /boot/develop/tools/gnupro/bin/gcc
configure:1737: result: gcc
configure:1981: checking for C compiler version
configure:1984: gcc --version </dev/null >&5
2.9-beos-991026
configure:1987: $? = 0
configure:1989: gcc -v </dev/null >&5
Reading specs from /boot/develop/tools/gnupro/lib/gcc-lib/i586-beos/2.9-beos-991026/specs
gcc version 2.9-beos-991026
configure:1992: $? = 0
configure:1994: gcc -V </dev/null >&5
gcc: argument to `-V' is missing
configure:1997: $? = 1
configure:2023: checking for C compiler default output
configure:2026: gcc    conftest.c  >&5
configure:2029: $? = 0
configure:2062: result: conftest
configure:2067: checking whether the C compiler works
configure:2073: ./conftest
configure:2076: $? = 0
configure:2091: result: yes
configure:2098: checking whether we are cross compiling
configure:2100: result: no
configure:2103: checking for suffix of executables
configure:2105: gcc -o conftest    conftest.c  >&5
configure:2108: $? = 0
configure:2130: result: 
configure:2136: checking for suffix of object files
configure:2160: gcc -c   conftest.c >&5
configure:2163: $? = 0
configure:2182: result: o
configure:2186: checking whether we are using the GNU C compiler
configure:2213: gcc -c   conftest.c >&5
configure:2216: $? = 0
configure:2219: test -s conftest.o
configure:2222: $? = 0
configure:2234: result: yes
configure:2240: checking whether gcc accepts -g
configure:2264: gcc -c -g  conftest.c >&5
configure:2267: $? = 0
configure:2270: test -s conftest.o
configure:2273: $? = 0
configure:2283: result: yes
configure:2310: gcc -c -g -O2  conftest.c >&5
/boot/home/Development/current/src/apps/bin/grep-2.5/conftest.c:2: parse error before `me'
configure:2313: $? = 1
configure: failed program was:
#ifndef __cplusplus
  choke me
#endif
configure:2431: checking for style of include used by make
configure:2459: result: GNU
configure:2466: checking dependency style of gcc
configure:2528: result: gcc
configure:2545: checking for a BSD-compatible install
configure:2599: result: /bin/install -c
configure:2651: checking for ranlib
configure:2667: found /boot/develop/tools/gnupro/bin/ranlib
configure:2678: result: ranlib
configure:2740: checking for getconf
configure:2769: result: no
configure:2778: checking for CFLAGS value to request large file support
configure:2846: result: no
configure:2848: checking for LDFLAGS value to request large file support
configure:2862: result: no
configure:2864: checking for LIBS value to request large file support
configure:2878: result: no
configure:2923: checking for _FILE_OFFSET_BITS
configure:2944: result: no
configure:2953: checking for _LARGEFILE_SOURCE
configure:2974: result: no
configure:2983: checking for _LARGE_FILES
configure:3004: result: no
configure:3018: checking for gcc option to accept ANSI C
configure:3084: gcc  -c -g -O2  conftest.c >&5
configure:3087: $? = 0
configure:3090: test -s conftest.o
configure:3093: $? = 0
configure:3107: result: none needed
configure:3123: checking how to run the C preprocessor
configure:3149: gcc -E  conftest.c
configure:3155: $? = 0
configure:3182: gcc -E  conftest.c
/boot/home/Development/current/src/apps/bin/grep-2.5/configure:3178: ac_nonexistent.h: No such file or directory
configure:3188: $? = 1
configure: failed program was:
#line 3177 "configure"
#include "confdefs.h"
#include <ac_nonexistent.h>
configure:3225: result: gcc -E
configure:3240: gcc -E  conftest.c
configure:3246: $? = 0
configure:3273: gcc -E  conftest.c
/boot/home/Development/current/src/apps/bin/grep-2.5/configure:3269: ac_nonexistent.h: No such file or directory
configure:3279: $? = 1
configure: failed program was:
#line 3268 "configure"
#include "confdefs.h"
#include <ac_nonexistent.h>
configure:3333: checking for sys/types.h
configure:3346: gcc -c -g -O2  conftest.c >&5
configure:3349: $? = 0
configure:3352: test -s conftest.o
configure:3355: $? = 0
configure:3365: result: yes
configure:3333: checking for sys/stat.h
configure:3346: gcc -c -g -O2  conftest.c >&5
configure:3349: $? = 0
configure:3352: test -s conftest.o
configure:3355: $? = 0
configure:3365: result: yes
configure:3333: checking for stdlib.h
configure:3346: gcc -c -g -O2  conftest.c >&5
configure:3349: $? = 0
configure:3352: test -s conftest.o
configure:3355: $? = 0
configure:3365: result: yes
configure:3333: checking for string.h
configure:3346: gcc -c -g -O2  conftest.c >&5
configure:3349: $? = 0
configure:3352: test -s conftest.o
configure:3355: $? = 0
configure:3365: result: yes
configure:3333: checking for memory.h
configure:3346: gcc -c -g -O2  conftest.c >&5
configure:3349: $? = 0
configure:3352: test -s conftest.o
configure:3355: $? = 0
configure:3365: result: yes
configure:3333: checking for strings.h
configure:3346: gcc -c -g -O2  conftest.c >&5
configure:3349: $? = 0
configure:3352: test -s conftest.o
configure:3355: $? = 0
configure:3365: result: yes
configure:3333: checking for inttypes.h
configure:3346: gcc -c -g -O2  conftest.c >&5
configure:3349: $? = 0
configure:3352: test -s conftest.o
configure:3355: $? = 0
configure:3365: result: yes
configure:3333: checking for stdint.h
configure:3346: gcc -c -g -O2  conftest.c >&5
/boot/home/Development/current/src/apps/bin/grep-2.5/configure:3374: stdint.h: No such file or directory
configure:3349: $? = 1
configure: failed program was:
#line 3338 "configure"
#include "confdefs.h"
#include <stdio.h>
#if HAVE_SYS_TYPES_H
# include <sys/types.h>
#endif
#if HAVE_SYS_STAT_H
# include <sys/stat.h>
#endif
#if STDC_HEADERS
# include <stdlib.h>
# include <stddef.h>
#else
# if HAVE_STDLIB_H
#  include <stdlib.h>
# endif
#endif
#if HAVE_STRING_H
# if !STDC_HEADERS && HAVE_MEMORY_H
#  include <memory.h>
# endif
# include <string.h>
#endif
#if HAVE_STRINGS_H
# include <strings.h>
#endif
#if HAVE_INTTYPES_H
# include <inttypes.h>
#else
# if HAVE_STDINT_H
#  include <stdint.h>
# endif
#endif
#if HAVE_UNISTD_H
# include <unistd.h>
#endif

#include <stdint.h>
configure:3365: result: no
configure:3333: checking for unistd.h
configure:3346: gcc -c -g -O2  conftest.c >&5
configure:3349: $? = 0
configure:3352: test -s conftest.o
configure:3355: $? = 0
configure:3365: result: yes
configure:3379: checking for function prototypes
configure:3382: result: yes
configure:3396: checking for ANSI C header files
configure:3410: gcc -E  conftest.c
configure:3416: $? = 0
configure:3501: gcc -o conftest -g -O2   conftest.c  >&5
configure:3504: $? = 0
configure:3506: ./conftest
configure:3509: $? = 0
configure:3523: result: yes
configure:3538: checking for string.h
configure:3543: result: yes
configure:3648: checking for size_t
configure:3675: gcc -c -g -O2  conftest.c >&5
configure:3678: $? = 0
configure:3681: test -s conftest.o
configure:3684: $? = 0
configure:3694: result: yes
configure:3706: checking for ssize_t
configure:3733: gcc -c -g -O2  conftest.c >&5
configure:3736: $? = 0
configure:3739: test -s conftest.o
configure:3742: $? = 0
configure:3752: result: yes
configure:3764: checking for gcc option to accept ANSI C
configure:3827: gcc  -c -g -O2  conftest.c >&5
configure:3830: $? = 0
configure:3833: test -s conftest.o
configure:3836: $? = 0
configure:3853: result: none needed
configure:3861: checking for an ANSI C-conforming const
configure:3931: gcc -c -g -O2  conftest.c >&5
configure:3934: $? = 0
configure:3937: test -s conftest.o
configure:3940: $? = 0
configure:3950: result: yes
configure:3961: checking for inttypes.h
configure:3986: gcc -c -g -O2  conftest.c >&5
configure:3989: $? = 0
configure:3992: test -s conftest.o
configure:3995: $? = 0
configure:4005: result: yes
configure:4016: checking for unsigned long long
configure:4041: gcc -o conftest -g -O2   conftest.c  >&5
configure:4044: $? = 0
configure:4047: test -s conftest
configure:4050: $? = 0
configure:4060: result: yes
configure:4085: checking for ANSI C header files
configure:4212: result: yes
configure:4232: checking for string.h
configure:4237: result: yes
configure:4232: checking for stdlib.h
configure:4237: result: yes
configure:4241: checking sys/param.h usability
configure:4250: gcc -c -g -O2  conftest.c >&5
configure:4253: $? = 0
configure:4256: test -s conftest.o
configure:4259: $? = 0
configure:4268: result: yes
configure:4272: checking sys/param.h presence
configure:4279: gcc -E  conftest.c
configure:4285: $? = 0
configure:4303: result: yes
configure:4321: checking for sys/param.h
configure:4328: result: yes
configure:4232: checking for memory.h
configure:4237: result: yes
configure:4232: checking for unistd.h
configure:4237: result: yes
configure:4241: checking libintl.h usability
configure:4250: gcc -c -g -O2  conftest.c >&5
/boot/home/Development/current/src/apps/bin/grep-2.5/configure:4278: libintl.h: No such file or directory
configure:4253: $? = 1
configure: failed program was:
#line 4243 "configure"
#include "confdefs.h"
#include <stdio.h>
#if HAVE_SYS_TYPES_H
# include <sys/types.h>
#endif
#if HAVE_SYS_STAT_H
# include <sys/stat.h>
#endif
#if STDC_HEADERS
# include <stdlib.h>
# include <stddef.h>
#else
# if HAVE_STDLIB_H
#  include <stdlib.h>
# endif
#endif
#if HAVE_STRING_H
# if !STDC_HEADERS && HAVE_MEMORY_H
#  include <memory.h>
# endif
# include <string.h>
#endif
#if HAVE_STRINGS_H
# include <strings.h>
#endif
#if HAVE_INTTYPES_H
# include <inttypes.h>
#else
# if HAVE_STDINT_H
#  include <stdint.h>
# endif
#endif
#if HAVE_UNISTD_H
# include <unistd.h>
#endif
#include <libintl.h>
configure:4268: result: no
configure:4272: checking libintl.h presence
configure:4279: gcc -E  conftest.c
/boot/home/Development/current/src/apps/bin/grep-2.5/configure:4275: libintl.h: No such file or directory
configure:4285: $? = 1
configure: failed program was:
#line 4274 "configure"
#include "confdefs.h"
#include <libintl.h>
configure:4303: result: no
configure:4321: checking for libintl.h
configure:4328: result: no
configure:4356: checking wctype.h usability
configure:4365: gcc -c -g -O2  conftest.c >&5
/boot/home/Development/current/src/apps/bin/grep-2.5/configure:4393: wctype.h: No such file or directory
configure:4368: $? = 1
configure: failed program was:
#line 4358 "configure"
#include "confdefs.h"
#include <stdio.h>
#if HAVE_SYS_TYPES_H
# include <sys/types.h>
#endif
#if HAVE_SYS_STAT_H
# include <sys/stat.h>
#endif
#if STDC_HEADERS
# include <stdlib.h>
# include <stddef.h>
#else
# if HAVE_STDLIB_H
#  include <stdlib.h>
# endif
#endif
#if HAVE_STRING_H
# if !STDC_HEADERS && HAVE_MEMORY_H
#  include <memory.h>
# endif
# include <string.h>
#endif
#if HAVE_STRINGS_H
# include <strings.h>
#endif
#if HAVE_INTTYPES_H
# include <inttypes.h>
#else
# if HAVE_STDINT_H
#  include <stdint.h>
# endif
#endif
#if HAVE_UNISTD_H
# include <unistd.h>
#endif
#include <wctype.h>
configure:4383: result: no
configure:4387: checking wctype.h presence
configure:4394: gcc -E  conftest.c
/boot/home/Development/current/src/apps/bin/grep-2.5/configure:4390: wctype.h: No such file or directory
configure:4400: $? = 1
configure: failed program was:
#line 4389 "configure"
#include "confdefs.h"
#include <wctype.h>
configure:4418: result: no
configure:4436: checking for wctype.h
configure:4443: result: no
configure:4356: checking wchar.h usability
configure:4365: gcc -c -g -O2  conftest.c >&5
configure:4368: $? = 0
configure:4371: test -s conftest.o
configure:4374: $? = 0
configure:4383: result: yes
configure:4387: checking wchar.h presence
configure:4394: gcc -E  conftest.c
configure:4400: $? = 0
configure:4418: result: yes
configure:4436: checking for wchar.h
configure:4443: result: yes
configure:4464: checking for dirent.h that defines DIR
configure:4491: gcc -c -g -O2  conftest.c >&5
configure:4494: $? = 0
configure:4497: test -s conftest.o
configure:4500: $? = 0
configure:4510: result: yes
configure:4523: checking for library containing opendir
configure:4556: gcc -o conftest -g -O2   conftest.c  >&5
configure:4559: $? = 0
configure:4562: test -s conftest
configure:4565: $? = 0
configure:4624: result: none required
configure:4742: checking whether stat file-mode macros are broken
configure:4787: result: no
configure:4803: checking for stdlib.h
configure:4808: result: yes
configure:4913: checking for mbstate_t
configure:4941: gcc -c -g -O2  conftest.c >&5
/boot/home/Development/current/src/apps/bin/grep-2.5/configure: In function `main':
/boot/home/Development/current/src/apps/bin/grep-2.5/configure:4933: `mbstate_t' undeclared (first use in this function)
/boot/home/Development/current/src/apps/bin/grep-2.5/configure:4933: (Each undeclared identifier is reported only once
/boot/home/Development/current/src/apps/bin/grep-2.5/configure:4933: for each function it appears in.)
/boot/home/Development/current/src/apps/bin/grep-2.5/configure:4933: parse error before `x'
/boot/home/Development/current/src/apps/bin/grep-2.5/configure:4933: `x' undeclared (first use in this function)
configure:4944: $? = 1
configure: failed program was:
#line 4918 "configure"
#include "confdefs.h"

#if HAVE_STDLIB_H
# include <stdlib.h>
#endif
#include <wchar.h>
#ifdef F77_DUMMY_MAIN
#  ifdef __cplusplus
     extern "C"
#  endif
   int F77_DUMMY_MAIN() { return 1; }
#endif
int
main ()
{
mbstate_t x; return sizeof x;
  ;
  return 0;
}
configure:4960: result: no
configure:4972: checking for working alloca.h
configure:4996: gcc -o conftest -g -O2   conftest.c  >&5
configure:4999: $? = 0
configure:5002: test -s conftest
configure:5005: $? = 0
configure:5015: result: yes
configure:5025: checking for alloca
configure:5069: gcc -o conftest -g -O2   conftest.c  >&5
configure:5072: $? = 0
configure:5075: test -s conftest
configure:5078: $? = 0
configure:5088: result: yes
configure:5278: checking whether closedir returns void
configure:5310: gcc -o conftest -g -O2   conftest.c  >&5
configure:5313: $? = 0
configure:5315: ./conftest
configure:5318: $? = 0
configure:5331: result: no
configure:5347: checking for stdlib.h
configure:5352: result: yes
configure:5347: checking for unistd.h
configure:5352: result: yes
configure:5460: checking for getpagesize
configure:5503: gcc -o conftest -g -O2   conftest.c  >&5
/tmp/ccgY7UQv.o: In function `main':
/boot/home/Development/current/src/apps/bin/grep-2.5/configure:5493: undefined reference to `getpagesize'
collect2: ld returned 1 exit status
configure:5506: $? = 1
configure: failed program was:
#line 5465 "configure"
#include "confdefs.h"
/* System header to define __stub macros and hopefully few prototypes,
    which can conflict with char getpagesize (); below.  */
#include <assert.h>
/* Override any gcc2 internal prototype to avoid an error.  */
#ifdef __cplusplus
extern "C"
#endif
/* We use char because int might match the return type of a gcc2
   builtin and then its argument prototype would still apply.  */
char getpagesize ();
char (*f) ();

#ifdef F77_DUMMY_MAIN
#  ifdef __cplusplus
     extern "C"
#  endif
   int F77_DUMMY_MAIN() { return 1; }
#endif
int
main ()
{
/* The GNU C library defines this for functions which it implements
    to always fail with ENOSYS.  Some functions are actually named
    something starting with __ and the normal name is an alias.  */
#if defined (__stub_getpagesize) || defined (__stub___getpagesize)
choke me
#else
f = getpagesize;
#endif

  ;
  return 0;
}
configure:5522: result: no
configure:5532: checking for working mmap
configure:5671: gcc -o conftest -g -O2   conftest.c  >&5
/boot/home/Development/current/src/apps/bin/grep-2.5/configure:5601: sys/mman.h: No such file or directory
configure:5674: $? = 1
configure: program exited with status 1
configure: failed program was:
#line 5540 "configure"
#include "confdefs.h"
#include <stdio.h>
#if HAVE_SYS_TYPES_H
# include <sys/types.h>
#endif
#if HAVE_SYS_STAT_H
# include <sys/stat.h>
#endif
#if STDC_HEADERS
# include <stdlib.h>
# include <stddef.h>
#else
# if HAVE_STDLIB_H
#  include <stdlib.h>
# endif
#endif
#if HAVE_STRING_H
# if !STDC_HEADERS && HAVE_MEMORY_H
#  include <memory.h>
# endif
# include <string.h>
#endif
#if HAVE_STRINGS_H
# include <strings.h>
#endif
#if HAVE_INTTYPES_H
# include <inttypes.h>
#else
# if HAVE_STDINT_H
#  include <stdint.h>
# endif
#endif
#if HAVE_UNISTD_H
# include <unistd.h>
#endif
/* malloc might have been renamed as rpl_malloc. */
#undef malloc

/* Thanks to Mike Haertel and Jim Avera for this test.
   Here is a matrix of mmap possibilities:
	mmap private not fixed
	mmap private fixed at somewhere currently unmapped
	mmap private fixed at somewhere already mapped
	mmap shared not fixed
	mmap shared fixed at somewhere currently unmapped
	mmap shared fixed at somewhere already mapped
   For private mappings, we should verify that changes cannot be read()
   back from the file, nor mmap's back from the file at a different
   address.  (There have been systems where private was not correctly
   implemented like the infamous i386 svr4.0, and systems where the
   VM page cache was not coherent with the file system buffer cache
   like early versions of FreeBSD and possibly contemporary NetBSD.)
   For shared mappings, we should conversely verify that changes get
   propagated back to all the places they're supposed to be.

   Grep wants private fixed already mapped.
   The main things grep needs to know about mmap are:
   * does it exist and is it safe to write into the mmap'd area
   * how to use it (BSD variants)  */

#include <fcntl.h>
#include <sys/mman.h>

#if !STDC_HEADERS && !HAVE_STDLIB_H
char *malloc ();
#endif

/* This mess was copied from the GNU getpagesize.h.  */
#if !HAVE_GETPAGESIZE
/* Assume that all systems that can run configure have sys/param.h.  */
# if !HAVE_SYS_PARAM_H
#  define HAVE_SYS_PARAM_H 1
# endif

# ifdef _SC_PAGESIZE
#  define getpagesize() sysconf(_SC_PAGESIZE)
# else /* no _SC_PAGESIZE */
#  if HAVE_SYS_PARAM_H
#   include <sys/param.h>
#   ifdef EXEC_PAGESIZE
#    define getpagesize() EXEC_PAGESIZE
#   else /* no EXEC_PAGESIZE */
#    ifdef NBPG
#     define getpagesize() NBPG * CLSIZE
#     ifndef CLSIZE
#      define CLSIZE 1
#     endif /* no CLSIZE */
#    else /* no NBPG */
#     ifdef NBPC
#      define getpagesize() NBPC
#     else /* no NBPC */
#      ifdef PAGESIZE
#       define getpagesize() PAGESIZE
#      endif /* PAGESIZE */
#     endif /* no NBPC */
#    endif /* no NBPG */
#   endif /* no EXEC_PAGESIZE */
#  else /* no HAVE_SYS_PARAM_H */
#   define getpagesize() 8192	/* punt totally */
#  endif /* no HAVE_SYS_PARAM_H */
# endif /* no _SC_PAGESIZE */

#endif /* no HAVE_GETPAGESIZE */

int
main ()
{
  char *data, *data2, *data3;
  int i, pagesize;
  int fd;

  pagesize = getpagesize ();

  /* First, make a file with some known garbage in it. */
  data = (char *) malloc (pagesize);
  if (!data)
    exit (1);
  for (i = 0; i < pagesize; ++i)
    *(data + i) = rand ();
  umask (0);
  fd = creat ("conftest.mmap", 0600);
  if (fd < 0)
    exit (1);
  if (write (fd, data, pagesize) != pagesize)
    exit (1);
  close (fd);

  /* Next, try to mmap the file at a fixed address which already has
     something else allocated at it.  If we can, also make sure that
     we see the same garbage.  */
  fd = open ("conftest.mmap", O_RDWR);
  if (fd < 0)
    exit (1);
  data2 = (char *) malloc (2 * pagesize);
  if (!data2)
    exit (1);
  data2 += (pagesize - ((int) data2 & (pagesize - 1))) & (pagesize - 1);
  if (data2 != mmap (data2, pagesize, PROT_READ | PROT_WRITE,
                     MAP_PRIVATE | MAP_FIXED, fd, 0L))
    exit (1);
  for (i = 0; i < pagesize; ++i)
    if (*(data + i) != *(data2 + i))
      exit (1);

  /* Finally, make sure that changes to the mapped area do not
     percolate back to the file as seen by read().  (This is a bug on
     some variants of i386 svr4.0.)  */
  for (i = 0; i < pagesize; ++i)
    *(data2 + i) = *(data2 + i) + 1;
  data3 = (char *) malloc (pagesize);
  if (!data3)
    exit (1);
  if (read (fd, data3, pagesize) != pagesize)
    exit (1);
  for (i = 0; i < pagesize; ++i)
    if (*(data + i) != *(data3 + i))
      exit (1);
  close (fd);
  exit (0);
}
configure:5692: result: no
configure:5714: checking for btowc
configure:5757: gcc -o conftest -g -O2   conftest.c  >&5
configure:5760: $? = 0
configure:5763: test -s conftest
configure:5766: $? = 0
configure:5776: result: yes
configure:5714: checking for isascii
configure:5757: gcc -o conftest -g -O2   conftest.c  >&5
configure:5760: $? = 0
configure:5763: test -s conftest
configure:5766: $? = 0
configure:5776: result: yes
configure:5714: checking for memmove
configure:5757: gcc -o conftest -g -O2   conftest.c  >&5
configure:5760: $? = 0
configure:5763: test -s conftest
configure:5766: $? = 0
configure:5776: result: yes
configure:5714: checking for setmode
configure:5757: gcc -o conftest -g -O2   conftest.c  >&5
/tmp/ccoKaXdt.o: In function `main':
/boot/home/Development/current/src/apps/bin/grep-2.5/configure:5747: undefined reference to `setmode'
collect2: ld returned 1 exit status
configure:5760: $? = 1
configure: failed program was:
#line 5719 "configure"
#include "confdefs.h"
/* System header to define __stub macros and hopefully few prototypes,
    which can conflict with char setmode (); below.  */
#include <assert.h>
/* Override any gcc2 internal prototype to avoid an error.  */
#ifdef __cplusplus
extern "C"
#endif
/* We use char because int might match the return type of a gcc2
   builtin and then its argument prototype would still apply.  */
char setmode ();
char (*f) ();

#ifdef F77_DUMMY_MAIN
#  ifdef __cplusplus
     extern "C"
#  endif
   int F77_DUMMY_MAIN() { return 1; }
#endif
int
main ()
{
/* The GNU C library defines this for functions which it implements
    to always fail with ENOSYS.  Some functions are actually named
    something starting with __ and the normal name is an alias.  */
#if defined (__stub_setmode) || defined (__stub___setmode)
choke me
#else
f = setmode;
#endif

  ;
  return 0;
}
configure:5776: result: no
configure:5714: checking for strerror
configure:5757: gcc -o conftest -g -O2   conftest.c  >&5
configure:5760: $? = 0
configure:5763: test -s conftest
configure:5766: $? = 0
configure:5776: result: yes
configure:5714: checking for wctype
configure:5757: gcc -o conftest -g -O2   conftest.c  >&5
configure:5760: $? = 0
configure:5763: test -s conftest
configure:5766: $? = 0
configure:5776: result: yes
configure:5714: checking for mbrtowc
configure:5757: gcc -o conftest -g -O2   conftest.c  >&5
configure:5760: $? = 0
configure:5763: test -s conftest
configure:5766: $? = 0
configure:5776: result: yes
configure:5794: checking for memchr
configure:5837: gcc -o conftest -g -O2   conftest.c  >&5
configure:5840: $? = 0
configure:5843: test -s conftest
configure:5846: $? = 0
configure:5856: result: yes
configure:5794: checking for stpcpy
configure:5837: gcc -o conftest -g -O2   conftest.c  >&5
configure:5840: $? = 0
configure:5843: test -s conftest
configure:5846: $? = 0
configure:5856: result: yes
configure:5794: checking for strtoul
configure:5837: gcc -o conftest -g -O2   conftest.c  >&5
configure:5840: $? = 0
configure:5843: test -s conftest
configure:5846: $? = 0
configure:5856: result: yes
configure:5794: checking for atexit
configure:5837: gcc -o conftest -g -O2   conftest.c  >&5
configure:5840: $? = 0
configure:5843: test -s conftest
configure:5846: $? = 0
configure:5856: result: yes
configure:5794: checking for fnmatch
configure:5837: gcc -o conftest -g -O2   conftest.c  >&5
configure:5840: $? = 0
configure:5843: test -s conftest
configure:5846: $? = 0
configure:5856: result: yes
configure:5877: checking for stdlib.h
configure:5882: result: yes
configure:5987: checking whether <inttypes.h> defines strtoumax as a macro
configure:6009: result: no
configure:6017: checking for strtoumax
configure:6060: gcc -o conftest -g -O2   conftest.c  >&5
configure:6063: $? = 0
configure:6066: test -s conftest
configure:6069: $? = 0
configure:6079: result: yes
configure:6184: checking whether strtoul is declared
configure:6212: gcc -c -g -O2  conftest.c >&5
configure:6215: $? = 0
configure:6218: test -s conftest.o
configure:6221: $? = 0
configure:6234: result: yes
configure:6184: checking whether strtoull is declared
configure:6212: gcc -c -g -O2  conftest.c >&5
configure:6215: $? = 0
configure:6218: test -s conftest.o
configure:6221: $? = 0
configure:6234: result: yes
configure:6273: checking for strerror in -lcposix
configure:6306: gcc -o conftest -g -O2   conftest.c -lcposix   >&5
/boot/develop/tools/gnupro/bin/ld: cannot open -lcposix: No such file or directory
collect2: ld returned 1 exit status
configure:6309: $? = 1
configure: failed program was:
#line 6280 "configure"
#include "confdefs.h"

/* Override any gcc2 internal prototype to avoid an error.  */
#ifdef __cplusplus
extern "C"
#endif
/* We use char because int might match the return type of a gcc2
   builtin and then its argument prototype would still apply.  */
char strerror ();
#ifdef F77_DUMMY_MAIN
#  ifdef __cplusplus
     extern "C"
#  endif
   int F77_DUMMY_MAIN() { return 1; }
#endif
int
main ()
{
strerror ();
  ;
  return 0;
}
configure:6326: result: no
configure:6334: checking for inline
configure:6351: gcc -c -g -O2  conftest.c >&5
configure:6354: $? = 0
configure:6357: test -s conftest.o
configure:6360: $? = 0
configure:6371: result: inline
configure:6386: checking for off_t
configure:6413: gcc -c -g -O2  conftest.c >&5
configure:6416: $? = 0
configure:6419: test -s conftest.o
configure:6422: $? = 0
configure:6432: result: yes
configure:6445: checking whether we are using the GNU C Library 2.1 or newer
/boot/home/Development/current/src/apps/bin/grep-2.5/configure:6452: features.h: No such file or directory
configure:6473: result: no
configure:6504: checking argz.h usability
configure:6513: gcc -c -g -O2  conftest.c >&5
/boot/home/Development/current/src/apps/bin/grep-2.5/configure:6541: argz.h: No such file or directory
configure:6516: $? = 1
configure: failed program was:
#line 6506 "configure"
#include "confdefs.h"
#include <stdio.h>
#if HAVE_SYS_TYPES_H
# include <sys/types.h>
#endif
#if HAVE_SYS_STAT_H
# include <sys/stat.h>
#endif
#if STDC_HEADERS
# include <stdlib.h>
# include <stddef.h>
#else
# if HAVE_STDLIB_H
#  include <stdlib.h>
# endif
#endif
#if HAVE_STRING_H
# if !STDC_HEADERS && HAVE_MEMORY_H
#  include <memory.h>
# endif
# include <string.h>
#endif
#if HAVE_STRINGS_H
# include <strings.h>
#endif
#if HAVE_INTTYPES_H
# include <inttypes.h>
#else
# if HAVE_STDINT_H
#  include <stdint.h>
# endif
#endif
#if HAVE_UNISTD_H
# include <unistd.h>
#endif
#include <argz.h>
configure:6531: result: no
configure:6535: checking argz.h presence
configure:6542: gcc -E  conftest.c
/boot/home/Development/current/src/apps/bin/grep-2.5/configure:6538: argz.h: No such file or directory
configure:6548: $? = 1
configure: failed program was:
#line 6537 "configure"
#include "confdefs.h"
#include <argz.h>
configure:6566: result: no
configure:6584: checking for argz.h
configure:6591: result: no
configure:6504: checking limits.h usability
configure:6513: gcc -c -g -O2  conftest.c >&5
configure:6516: $? = 0
configure:6519: test -s conftest.o
configure:6522: $? = 0
configure:6531: result: yes
configure:6535: checking limits.h presence
configure:6542: gcc -E  conftest.c
configure:6548: $? = 0
configure:6566: result: yes
configure:6584: checking for limits.h
configure:6591: result: yes
configure:6504: checking locale.h usability
configure:6513: gcc -c -g -O2  conftest.c >&5
configure:6516: $? = 0
configure:6519: test -s conftest.o
configure:6522: $? = 0
configure:6531: result: yes
configure:6535: checking locale.h presence
configure:6542: gcc -E  conftest.c
configure:6548: $? = 0
configure:6566: result: yes
configure:6584: checking for locale.h
configure:6591: result: yes
configure:6504: checking nl_types.h usability
configure:6513: gcc -c -g -O2  conftest.c >&5
/boot/home/Development/current/src/apps/bin/grep-2.5/configure:6541: nl_types.h: No such file or directory
configure:6516: $? = 1
configure: failed program was:
#line 6506 "configure"
#include "confdefs.h"
#include <stdio.h>
#if HAVE_SYS_TYPES_H
# include <sys/types.h>
#endif
#if HAVE_SYS_STAT_H
# include <sys/stat.h>
#endif
#if STDC_HEADERS
# include <stdlib.h>
# include <stddef.h>
#else
# if HAVE_STDLIB_H
#  include <stdlib.h>
# endif
#endif
#if HAVE_STRING_H
# if !STDC_HEADERS && HAVE_MEMORY_H
#  include <memory.h>
# endif
# include <string.h>
#endif
#if HAVE_STRINGS_H
# include <strings.h>
#endif
#if HAVE_INTTYPES_H
# include <inttypes.h>
#else
# if HAVE_STDINT_H
#  include <stdint.h>
# endif
#endif
#if HAVE_UNISTD_H
# include <unistd.h>
#endif
#include <nl_types.h>
configure:6531: result: no
configure:6535: checking nl_types.h presence
configure:6542: gcc -E  conftest.c
/boot/home/Development/current/src/apps/bin/grep-2.5/configure:6538: nl_types.h: No such file or directory
configure:6548: $? = 1
configure: failed program was:
#line 6537 "configure"
#include "confdefs.h"
#include <nl_types.h>
configure:6566: result: no
configure:6584: checking for nl_types.h
configure:6591: result: no
configure:6504: checking malloc.h usability
configure:6513: gcc -c -g -O2  conftest.c >&5
configure:6516: $? = 0
configure:6519: test -s conftest.o
configure:6522: $? = 0
configure:6531: result: yes
configure:6535: checking malloc.h presence
configure:6542: gcc -E  conftest.c
configure:6548: $? = 0
configure:6566: result: yes
configure:6584: checking for malloc.h
configure:6591: result: yes
configure:6504: checking stddef.h usability
configure:6513: gcc -c -g -O2  conftest.c >&5
configure:6516: $? = 0
configure:6519: test -s conftest.o
configure:6522: $? = 0
configure:6531: result: yes
configure:6535: checking stddef.h presence
configure:6542: gcc -E  conftest.c
configure:6548: $? = 0
configure:6566: result: yes
configure:6584: checking for stddef.h
configure:6591: result: yes
configure:6495: checking for stdlib.h
configure:6500: result: yes
configure:6495: checking for string.h
configure:6500: result: yes
configure:6495: checking for unistd.h
configure:6500: result: yes
configure:6495: checking for sys/param.h
configure:6500: result: yes
configure:6630: checking for feof_unlocked
configure:6673: gcc -o conftest -g -O2   conftest.c  >&5
configure:6676: $? = 0
configure:6679: test -s conftest
configure:6682: $? = 0
configure:6692: result: yes
configure:6630: checking for fgets_unlocked
configure:6673: gcc -o conftest -g -O2   conftest.c  >&5
configure:6676: $? = 0
configure:6679: test -s conftest
configure:6682: $? = 0
configure:6692: result: yes
configure:6630: checking for getcwd
configure:6673: gcc -o conftest -g -O2   conftest.c  >&5
configure:6676: $? = 0
configure:6679: test -s conftest
configure:6682: $? = 0
configure:6692: result: yes
configure:6630: checking for getegid
configure:6673: gcc -o conftest -g -O2   conftest.c  >&5
configure:6676: $? = 0
configure:6679: test -s conftest
configure:6682: $? = 0
configure:6692: result: yes
configure:6630: checking for geteuid
configure:6673: gcc -o conftest -g -O2   conftest.c  >&5
configure:6676: $? = 0
configure:6679: test -s conftest
configure:6682: $? = 0
configure:6692: result: yes
configure:6630: checking for getgid
configure:6673: gcc -o conftest -g -O2   conftest.c  >&5
configure:6676: $? = 0
configure:6679: test -s conftest
configure:6682: $? = 0
configure:6692: result: yes
configure:6630: checking for getuid
configure:6673: gcc -o conftest -g -O2   conftest.c  >&5
configure:6676: $? = 0
configure:6679: test -s conftest
configure:6682: $? = 0
configure:6692: result: yes
configure:6630: checking for mempcpy
configure:6673: gcc -o conftest -g -O2   conftest.c  >&5
/tmp/ccUC78WE.o: In function `main':
/boot/home/Development/current/src/apps/bin/grep-2.5/configure:6663: undefined reference to `mempcpy'
collect2: ld returned 1 exit status
configure:6676: $? = 1
configure: failed program was:
#line 6635 "configure"
#include "confdefs.h"
/* System header to define __stub macros and hopefully few prototypes,
    which can conflict with char mempcpy (); below.  */
#include <assert.h>
/* Override any gcc2 internal prototype to avoid an error.  */
#ifdef __cplusplus
extern "C"
#endif
/* We use char because int might match the return type of a gcc2
   builtin and then its argument prototype would still apply.  */
char mempcpy ();
char (*f) ();

#ifdef F77_DUMMY_MAIN
#  ifdef __cplusplus
     extern "C"
#  endif
   int F77_DUMMY_MAIN() { return 1; }
#endif
int
main ()
{
/* The GNU C library defines this for functions which it implements
    to always fail with ENOSYS.  Some functions are actually named
    something starting with __ and the normal name is an alias.  */
#if defined (__stub_mempcpy) || defined (__stub___mempcpy)
choke me
#else
f = mempcpy;
#endif

  ;
  return 0;
}
configure:6692: result: no
configure:6630: checking for munmap
configure:6673: gcc -o conftest -g -O2   conftest.c  >&5
/tmp/cchpQLlR.o: In function `main':
/boot/home/Development/current/src/apps/bin/grep-2.5/configure:6663: undefined reference to `munmap'
collect2: ld returned 1 exit status
configure:6676: $? = 1
configure: failed program was:
#line 6635 "configure"
#include "confdefs.h"
/* System header to define __stub macros and hopefully few prototypes,
    which can conflict with char munmap (); below.  */
#include <assert.h>
/* Override any gcc2 internal prototype to avoid an error.  */
#ifdef __cplusplus
extern "C"
#endif
/* We use char because int might match the return type of a gcc2
   builtin and then its argument prototype would still apply.  */
char munmap ();
char (*f) ();

#ifdef F77_DUMMY_MAIN
#  ifdef __cplusplus
     extern "C"
#  endif
   int F77_DUMMY_MAIN() { return 1; }
#endif
int
main ()
{
/* The GNU C library defines this for functions which it implements
    to always fail with ENOSYS.  Some functions are actually named
    something starting with __ and the normal name is an alias.  */
#if defined (__stub_munmap) || defined (__stub___munmap)
choke me
#else
f = munmap;
#endif

  ;
  return 0;
}
configure:6692: result: no
configure:6630: checking for putenv
configure:6673: gcc -o conftest -g -O2   conftest.c  >&5
configure:6676: $? = 0
configure:6679: test -s conftest
configure:6682: $? = 0
configure:6692: result: yes
configure:6630: checking for setenv
configure:6673: gcc -o conftest -g -O2   conftest.c  >&5
/tmp/cc8QWCEL.o: In function `main':
/boot/home/Development/current/src/apps/bin/grep-2.5/configure:6663: undefined reference to `setenv'
collect2: ld returned 1 exit status
configure:6676: $? = 1
configure: failed program was:
#line 6635 "configure"
#include "confdefs.h"
/* System header to define __stub macros and hopefully few prototypes,
    which can conflict with char setenv (); below.  */
#include <assert.h>
/* Override any gcc2 internal prototype to avoid an error.  */
#ifdef __cplusplus
extern "C"
#endif
/* We use char because int might match the return type of a gcc2
   builtin and then its argument prototype would still apply.  */
char setenv ();
char (*f) ();

#ifdef F77_DUMMY_MAIN
#  ifdef __cplusplus
     extern "C"
#  endif
   int F77_DUMMY_MAIN() { return 1; }
#endif
int
main ()
{
/* The GNU C library defines this for functions which it implements
    to always fail with ENOSYS.  Some functions are actually named
    something starting with __ and the normal name is an alias.  */
#if defined (__stub_setenv) || defined (__stub___setenv)
choke me
#else
f = setenv;
#endif

  ;
  return 0;
}
configure:6692: result: no
configure:6630: checking for setlocale
configure:6673: gcc -o conftest -g -O2   conftest.c  >&5
configure:6676: $? = 0
configure:6679: test -s conftest
configure:6682: $? = 0
configure:6692: result: yes
configure:6630: checking for stpcpy
configure:6692: result: yes
configure:6630: checking for strchr
configure:6673: gcc -o conftest -g -O2   conftest.c  >&5
configure:6676: $? = 0
configure:6679: test -s conftest
configure:6682: $? = 0
configure:6692: result: yes
configure:6630: checking for strcasecmp
configure:6673: gcc -o conftest -g -O2   conftest.c  >&5
configure:6676: $? = 0
configure:6679: test -s conftest
configure:6682: $? = 0
configure:6692: result: yes
configure:6630: checking for strdup
configure:6673: gcc -o conftest -g -O2   conftest.c  >&5
configure:6676: $? = 0
configure:6679: test -s conftest
configure:6682: $? = 0
configure:6692: result: yes
configure:6630: checking for strtoul
configure:6692: result: yes
configure:6630: checking for tsearch
configure:6673: gcc -o conftest -g -O2   conftest.c  >&5
/tmp/ccwrLnCl.o: In function `main':
/boot/home/Development/current/src/apps/bin/grep-2.5/configure:6663: undefined reference to `tsearch'
collect2: ld returned 1 exit status
configure:6676: $? = 1
configure: failed program was:
#line 6635 "configure"
#include "confdefs.h"
/* System header to define __stub macros and hopefully few prototypes,
    which can conflict with char tsearch (); below.  */
#include <assert.h>
/* Override any gcc2 internal prototype to avoid an error.  */
#ifdef __cplusplus
extern "C"
#endif
/* We use char because int might match the return type of a gcc2
   builtin and then its argument prototype would still apply.  */
char tsearch ();
char (*f) ();

#ifdef F77_DUMMY_MAIN
#  ifdef __cplusplus
     extern "C"
#  endif
   int F77_DUMMY_MAIN() { return 1; }
#endif
int
main ()
{
/* The GNU C library defines this for functions which it implements
    to always fail with ENOSYS.  Some functions are actually named
    something starting with __ and the normal name is an alias.  */
#if defined (__stub_tsearch) || defined (__stub___tsearch)
choke me
#else
f = tsearch;
#endif

  ;
  return 0;
}
configure:6692: result: no
configure:6630: checking for __argz_count
configure:6673: gcc -o conftest -g -O2   conftest.c  >&5
/tmp/ccXyhCTo.o: In function `main':
/boot/home/Development/current/src/apps/bin/grep-2.5/configure:6663: undefined reference to `__argz_count'
collect2: ld returned 1 exit status
configure:6676: $? = 1
configure: failed program was:
#line 6635 "configure"
#include "confdefs.h"
/* System header to define __stub macros and hopefully few prototypes,
    which can conflict with char __argz_count (); below.  */
#include <assert.h>
/* Override any gcc2 internal prototype to avoid an error.  */
#ifdef __cplusplus
extern "C"
#endif
/* We use char because int might match the return type of a gcc2
   builtin and then its argument prototype would still apply.  */
char __argz_count ();
char (*f) ();

#ifdef F77_DUMMY_MAIN
#  ifdef __cplusplus
     extern "C"
#  endif
   int F77_DUMMY_MAIN() { return 1; }
#endif
int
main ()
{
/* The GNU C library defines this for functions which it implements
    to always fail with ENOSYS.  Some functions are actually named
    something starting with __ and the normal name is an alias.  */
#if defined (__stub___argz_count) || defined (__stub_____argz_count)
choke me
#else
f = __argz_count;
#endif

  ;
  return 0;
}
configure:6692: result: no
configure:6630: checking for __argz_stringify
configure:6673: gcc -o conftest -g -O2   conftest.c  >&5
/tmp/ccI2kpnC.o: In function `main':
/boot/home/Development/current/src/apps/bin/grep-2.5/configure:6663: undefined reference to `__argz_stringify'
collect2: ld returned 1 exit status
configure:6676: $? = 1
configure: failed program was:
#line 6635 "configure"
#include "confdefs.h"
/* System header to define __stub macros and hopefully few prototypes,
    which can conflict with char __argz_stringify (); below.  */
#include <assert.h>
/* Override any gcc2 internal prototype to avoid an error.  */
#ifdef __cplusplus
extern "C"
#endif
/* We use char because int might match the return type of a gcc2
   builtin and then its argument prototype would still apply.  */
char __argz_stringify ();
char (*f) ();

#ifdef F77_DUMMY_MAIN
#  ifdef __cplusplus
     extern "C"
#  endif
   int F77_DUMMY_MAIN() { return 1; }
#endif
int
main ()
{
/* The GNU C library defines this for functions which it implements
    to always fail with ENOSYS.  Some functions are actually named
    something starting with __ and the normal name is an alias.  */
#if defined (__stub___argz_stringify) || defined (__stub_____argz_stringify)
choke me
#else
f = __argz_stringify;
#endif

  ;
  return 0;
}
configure:6692: result: no
configure:6630: checking for __argz_next
configure:6673: gcc -o conftest -g -O2   conftest.c  >&5
/tmp/ccVqFrMK.o: In function `main':
/boot/home/Development/current/src/apps/bin/grep-2.5/configure:6663: undefined reference to `__argz_next'
collect2: ld returned 1 exit status
configure:6676: $? = 1
configure: failed program was:
#line 6635 "configure"
#include "confdefs.h"
/* System header to define __stub macros and hopefully few prototypes,
    which can conflict with char __argz_next (); below.  */
#include <assert.h>
/* Override any gcc2 internal prototype to avoid an error.  */
#ifdef __cplusplus
extern "C"
#endif
/* We use char because int might match the return type of a gcc2
   builtin and then its argument prototype would still apply.  */
char __argz_next ();
char (*f) ();

#ifdef F77_DUMMY_MAIN
#  ifdef __cplusplus
     extern "C"
#  endif
   int F77_DUMMY_MAIN() { return 1; }
#endif
int
main ()
{
/* The GNU C library defines this for functions which it implements
    to always fail with ENOSYS.  Some functions are actually named
    something starting with __ and the normal name is an alias.  */
#if defined (__stub___argz_next) || defined (__stub_____argz_next)
choke me
#else
f = __argz_next;
#endif

  ;
  return 0;
}
configure:6692: result: no
configure:6717: checking for iconv
configure:6747: gcc -o conftest -g -O2   conftest.c  >&5
/boot/home/Development/current/src/apps/bin/grep-2.5/configure:6727: iconv.h: No such file or directory
configure:6750: $? = 1
configure: failed program was:
#line 6725 "configure"
#include "confdefs.h"
#include <stdlib.h>
#include <iconv.h>
#ifdef F77_DUMMY_MAIN
#  ifdef __cplusplus
     extern "C"
#  endif
   int F77_DUMMY_MAIN() { return 1; }
#endif
int
main ()
{
iconv_t cd = iconv_open("","");
       iconv(cd,NULL,NULL,NULL,NULL);
       iconv_close(cd);
  ;
  return 0;
}
configure:6789: gcc -o conftest -g -O2   conftest.c  -liconv >&5
/boot/home/Development/current/src/apps/bin/grep-2.5/configure:6769: iconv.h: No such file or directory
configure:6792: $? = 1
configure: failed program was:
#line 6767 "configure"
#include "confdefs.h"
#include <stdlib.h>
#include <iconv.h>
#ifdef F77_DUMMY_MAIN
#  ifdef __cplusplus
     extern "C"
#  endif
   int F77_DUMMY_MAIN() { return 1; }
#endif
int
main ()
{
iconv_t cd = iconv_open("","");
         iconv(cd,NULL,NULL,NULL,NULL);
         iconv_close(cd);
  ;
  return 0;
}
configure:6811: result: no, consider installing GNU libiconv
configure:6895: checking for nl_langinfo and CODESET
configure:6919: gcc -o conftest -g -O2   conftest.c  >&5
/boot/home/Development/current/src/apps/bin/grep-2.5/configure:6901: langinfo.h: No such file or directory
configure:6922: $? = 1
configure: failed program was:
#line 6900 "configure"
#include "confdefs.h"
#include <langinfo.h>
#ifdef F77_DUMMY_MAIN
#  ifdef __cplusplus
     extern "C"
#  endif
   int F77_DUMMY_MAIN() { return 1; }
#endif
int
main ()
{
char* cs = nl_langinfo(CODESET);
  ;
  return 0;
}
configure:6939: result: no
configure:6950: checking for LC_MESSAGES
configure:6974: gcc -o conftest -g -O2   conftest.c  >&5
configure:6977: $? = 0
configure:6980: test -s conftest
configure:6983: $? = 0
configure:6993: result: yes
configure:7003: checking whether NLS is requested
configure:7012: result: yes
configure:7026: checking whether included gettext is requested
configure:7036: result: no
configure:7047: checking for libintl.h
configure:7052: result: no
configure:7472: checking for msgfmt
configure:7502: result: no
configure:7508: checking for gmsgfmt
configure:7539: result: :
configure:7548: checking for xgettext
configure:7578: result: no
configure:7624: checking for bison
configure:7640: found /bin/bison
configure:7650: result: bison
configure:7663: checking version of bison
configure:7672: result: 1.28, ok
configure:7711: checking for catalogs to be installed
configure:7731: result:  cs de el eo es et fr gl hr id it ja ko nl no pl pt_BR ru sl sv
configure:7754: checking for dos file convention
configure:7766: result: no
configure:7793: checking for DJGPP environment
configure:7817: gcc -c -g -O2  conftest.c >&5
/boot/home/Development/current/src/apps/bin/grep-2.5/configure: In function `main':
/boot/home/Development/current/src/apps/bin/grep-2.5/configure:7809: `__DJGPP__' undeclared (first use in this function)
/boot/home/Development/current/src/apps/bin/grep-2.5/configure:7809: (Each undeclared identifier is reported only once
/boot/home/Development/current/src/apps/bin/grep-2.5/configure:7809: for each function it appears in.)
configure:7820: $? = 1
configure: failed program was:
#line 7798 "configure"
#include "confdefs.h"

#ifdef F77_DUMMY_MAIN
#  ifdef __cplusplus
     extern "C"
#  endif
   int F77_DUMMY_MAIN() { return 1; }
#endif
int
main ()
{
 return __DJGPP__;
  ;
  return 0;
}
configure:7837: result: no
configure:7844: checking for environ variable separator
configure:7858: result: :
configure:7876: checking for working re_compile_pattern
configure:7911: gcc -o conftest -g -O2   conftest.c  >&5
configure:7914: $? = 0
configure:7916: ./conftest
configure:7919: $? = 0
configure:7933: result: yes
configure:7960: checking for getopt_long
configure:8003: gcc -o conftest -g -O2   conftest.c  >&5
configure:8006: $? = 0
configure:8009: test -s conftest
configure:8012: $? = 0
configure:8022: result: yes
configure:8048: WARNING: Included lib/regex.c not used
configure:8053: checking whether strerror_r is declared
configure:8081: gcc -c -g -O2  conftest.c >&5
/boot/home/Development/current/src/apps/bin/grep-2.5/configure: In function `main':
/boot/home/Development/current/src/apps/bin/grep-2.5/configure:8074: `strerror_r' undeclared (first use in this function)
/boot/home/Development/current/src/apps/bin/grep-2.5/configure:8074: (Each undeclared identifier is reported only once
/boot/home/Development/current/src/apps/bin/grep-2.5/configure:8074: for each function it appears in.)
configure:8084: $? = 1
configure: failed program was:
#line 8058 "configure"
#include "confdefs.h"
#include <string.h>
#ifdef F77_DUMMY_MAIN
#  ifdef __cplusplus
     extern "C"
#  endif
   int F77_DUMMY_MAIN() { return 1; }
#endif
int
main ()
{

#ifndef strerror_r
char *(*pfn) = (char *(*)) strerror_r
#endif

  ;
  return 0;
}
configure:8107: result: no
configure:8121: checking for strerror_r
configure:8164: gcc -o conftest -g -O2   conftest.c  >&5
configure:8167: $? = 0
configure:8170: test -s conftest
configure:8173: $? = 0
configure:8183: result: yes
configure:8199: checking for string.h
configure:8204: result: yes
configure:8308: checking for working strerror_r
configure:8341: gcc -c -g -O2  conftest.c >&5
/boot/home/Development/current/src/apps/bin/grep-2.5/configure: In function `main':
/boot/home/Development/current/src/apps/bin/grep-2.5/configure:8332: invalid type argument of `unary *'
configure:8344: $? = 1
configure: failed program was:
#line 8314 "configure"
#include "confdefs.h"

#       include <stdio.h>
#       if HAVE_STRING_H
#        include <string.h>
#       endif

#ifdef F77_DUMMY_MAIN
#  ifdef __cplusplus
     extern "C"
#  endif
   int F77_DUMMY_MAIN() { return 1; }
#endif
int
main ()
{

       char buf[100];
       char x = *strerror_r (0, buf, sizeof buf);

  ;
  return 0;
}
configure:8390: gcc -o conftest -g -O2   conftest.c  >&5
configure:8393: $? = 0
configure:8395: ./conftest
configure:8398: $? = 0
configure:8413: result: yes
configure:8432: checking for strerror
configure:8494: result: yes
configure:8432: checking for strerror_r
configure:8494: result: yes
configure:8432: checking for vprintf
configure:8475: gcc -o conftest -g -O2   conftest.c  >&5
configure:8478: $? = 0
configure:8481: test -s conftest
configure:8484: $? = 0
configure:8494: result: yes
configure:8432: checking for doprnt
configure:8475: gcc -o conftest -g -O2   conftest.c  >&5
/tmp/ccj8KdcV.o: In function `main':
/boot/home/Development/current/src/apps/bin/grep-2.5/configure:8465: undefined reference to `doprnt'
collect2: ld returned 1 exit status
configure:8478: $? = 1
configure: failed program was:
#line 8437 "configure"
#include "confdefs.h"
/* System header to define __stub macros and hopefully few prototypes,
    which can conflict with char doprnt (); below.  */
#include <assert.h>
/* Override any gcc2 internal prototype to avoid an error.  */
#ifdef __cplusplus
extern "C"
#endif
/* We use char because int might match the return type of a gcc2
   builtin and then its argument prototype would still apply.  */
char doprnt ();
char (*f) ();

#ifdef F77_DUMMY_MAIN
#  ifdef __cplusplus
     extern "C"
#  endif
   int F77_DUMMY_MAIN() { return 1; }
#endif
int
main ()
{
/* The GNU C library defines this for functions which it implements
    to always fail with ENOSYS.  Some functions are actually named
    something starting with __ and the normal name is an alias.  */
#if defined (__stub_doprnt) || defined (__stub___doprnt)
choke me
#else
f = doprnt;
#endif

  ;
  return 0;
}
configure:8494: result: no
configure:8504: checking for ANSI C header files
configure:8631: result: yes
configure:8650: checking for working malloc
configure:8671: gcc -o conftest -g -O2   conftest.c  >&5
configure:8674: $? = 0
configure:8676: ./conftest
configure:8679: $? = 0
configure:8693: result: yes
configure:8711: checking for working realloc
configure:8732: gcc -o conftest -g -O2   conftest.c  >&5
configure:8735: $? = 0
configure:8737: ./conftest
configure:8740: $? = 0
configure:8754: result: yes
configure:8773: checking for pcre_exec in -lpcre
configure:8806: gcc -o conftest -g -O2   conftest.c -lpcre   >&5
/boot/develop/tools/gnupro/bin/ld: cannot open -lpcre: No such file or directory
collect2: ld returned 1 exit status
configure:8809: $? = 1
configure: failed program was:
#line 8780 "configure"
#include "confdefs.h"

/* Override any gcc2 internal prototype to avoid an error.  */
#ifdef __cplusplus
extern "C"
#endif
/* We use char because int might match the return type of a gcc2
   builtin and then its argument prototype would still apply.  */
char pcre_exec ();
#ifdef F77_DUMMY_MAIN
#  ifdef __cplusplus
     extern "C"
#  endif
   int F77_DUMMY_MAIN() { return 1; }
#endif
int
main ()
{
pcre_exec ();
  ;
  return 0;
}
configure:8826: result: no
configure:8839: checking How to create links
configure:8858: result: ln -s
configure:8946: creating ./config.status

## ---------------------- ##
## Running config.status. ##
## ---------------------- ##

This file was extended by config.status, which was
generated by GNU Autoconf 2.53.  Invocation command line was

  CONFIG_FILES    = 
  CONFIG_HEADERS  = 
  CONFIG_LINKS    = 
  CONFIG_COMMANDS = 
  $ ./config.status 

on 

config.status:651: creating Makefile
config.status:651: creating lib/Makefile
config.status:651: creating lib/posix/Makefile
config.status:651: creating src/Makefile
config.status:651: creating tests/Makefile
config.status:651: creating po/Makefile.in
config.status:651: creating intl/Makefile
config.status:651: creating doc/Makefile
config.status:651: creating m4/Makefile
config.status:651: creating vms/Makefile
config.status:651: creating bootstrap/Makefile
config.status:755: creating config.h
config.status:1135: executing default-1 commands
config.status:1135: executing default-2 commands
config.status:1135: executing default commands

## ---------------- ##
## Cache variables. ##
## ---------------- ##

ac_cv_build=i586-pc-beos
ac_cv_build_alias=i586-pc-beos
ac_cv_c_compiler_gnu=yes
ac_cv_c_const=yes
ac_cv_c_inline=inline
ac_cv_djgpp=no
ac_cv_dosfile=no
ac_cv_env_CC_set=
ac_cv_env_CC_value=
ac_cv_env_CFLAGS_set=
ac_cv_env_CFLAGS_value=
ac_cv_env_CPPFLAGS_set=
ac_cv_env_CPPFLAGS_value=
ac_cv_env_CPP_set=
ac_cv_env_CPP_value=
ac_cv_env_LDFLAGS_set=
ac_cv_env_LDFLAGS_value=
ac_cv_env_build_alias_set=
ac_cv_env_build_alias_value=
ac_cv_env_host_alias_set=
ac_cv_env_host_alias_value=
ac_cv_env_target_alias_set=
ac_cv_env_target_alias_value=
ac_cv_exeext=
ac_cv_func___argz_count=no
ac_cv_func___argz_next=no
ac_cv_func___argz_stringify=no
ac_cv_func_alloca_works=yes
ac_cv_func_atexit=yes
ac_cv_func_btowc=yes
ac_cv_func_closedir_void=no
ac_cv_func_doprnt=no
ac_cv_func_feof_unlocked=yes
ac_cv_func_fgets_unlocked=yes
ac_cv_func_fnmatch=yes
ac_cv_func_getcwd=yes
ac_cv_func_getegid=yes
ac_cv_func_geteuid=yes
ac_cv_func_getgid=yes
ac_cv_func_getopt_long=yes
ac_cv_func_getpagesize=no
ac_cv_func_getuid=yes
ac_cv_func_isascii=yes
ac_cv_func_mbrtowc=yes
ac_cv_func_memchr=yes
ac_cv_func_memmove=yes
ac_cv_func_mempcpy=no
ac_cv_func_mmap_fixed_mapped=no
ac_cv_func_munmap=no
ac_cv_func_putenv=yes
ac_cv_func_setenv=no
ac_cv_func_setlocale=yes
ac_cv_func_setmode=no
ac_cv_func_stpcpy=yes
ac_cv_func_strcasecmp=yes
ac_cv_func_strchr=yes
ac_cv_func_strdup=yes
ac_cv_func_strerror=yes
ac_cv_func_strerror_r=yes
ac_cv_func_strerror_r_works=yes
ac_cv_func_strtoul=yes
ac_cv_func_strtoumax=yes
ac_cv_func_tsearch=no
ac_cv_func_vprintf=yes
ac_cv_func_wctype=yes
ac_cv_gnu_library_2_1=no
ac_cv_header_argz_h=no
ac_cv_header_dirent_dirent_h=yes
ac_cv_header_inttypes_h=yes
ac_cv_header_libintl_h=no
ac_cv_header_limits_h=yes
ac_cv_header_locale_h=yes
ac_cv_header_malloc_h=yes
ac_cv_header_memory_h=yes
ac_cv_header_nl_types_h=no
ac_cv_header_stat_broken=no
ac_cv_header_stdc=yes
ac_cv_header_stddef_h=yes
ac_cv_header_stdint_h=no
ac_cv_header_stdlib_h=yes
ac_cv_header_string_h=yes
ac_cv_header_strings_h=yes
ac_cv_header_sys_param_h=yes
ac_cv_header_sys_stat_h=yes
ac_cv_header_sys_types_h=yes
ac_cv_header_unistd_h=yes
ac_cv_header_wchar_h=yes
ac_cv_header_wctype_h=no
ac_cv_host=i586-pc-beos
ac_cv_host_alias=i586-pc-beos
ac_cv_lib_cposix_strerror=no
ac_cv_lib_pcre_pcre_exec=no
ac_cv_objext=o
ac_cv_path_GMSGFMT=:
ac_cv_path_MSGFMT=:
ac_cv_path_XGETTEXT=:
ac_cv_path_install='/bin/install -c'
ac_cv_prog_AWK=gawk
ac_cv_prog_CPP='gcc -E'
ac_cv_prog_INTLBISON=bison
ac_cv_prog_ac_ct_CC=gcc
ac_cv_prog_ac_ct_RANLIB=ranlib
ac_cv_prog_cc_g=yes
ac_cv_prog_cc_stdc=
ac_cv_prog_make_make_set=yes
ac_cv_search_opendir='none required'
ac_cv_sep=no
ac_cv_sys_file_offset_bits=no
ac_cv_sys_large_files=no
ac_cv_sys_largefile_CFLAGS=no
ac_cv_sys_largefile_LDFLAGS=no
ac_cv_sys_largefile_LIBS=no
ac_cv_sys_largefile_source=no
ac_cv_type_mbstate_t=no
ac_cv_type_off_t=yes
ac_cv_type_size_t=yes
ac_cv_type_ssize_t=yes
ac_cv_type_unsigned_long_long=yes
ac_cv_working_alloca_h=yes
am_cv_CC_dependencies_compiler_type=gcc
am_cv_func_iconv='no, consider installing GNU libiconv'
am_cv_langinfo_codeset=no
am_cv_lib_iconv=no
am_cv_prog_cc_stdc=
am_cv_val_LC_MESSAGES=yes
jm_ac_cv_header_inttypes_h=yes
jm_cv_func_decl_strerror_r=no
jm_cv_func_decl_strtoul=yes
jm_cv_func_decl_strtoull=yes
jm_cv_func_strtoumax_macro=no
jm_cv_func_working_malloc=yes
jm_cv_func_working_re_compile_pattern=yes
jm_cv_func_working_realloc=yes
nls_cv_force_use_gnu_gettext=no
nls_cv_header_intl=
nls_cv_header_libgt=
nls_cv_use_gnu_gettext=yes

## ----------- ##
## confdefs.h. ##
## ----------- ##

#define PACKAGE_NAME ""
#define PACKAGE_TARNAME ""
#define PACKAGE_VERSION ""
#define PACKAGE_STRING ""
#define PACKAGE_BUGREPORT ""
#define GREP 1
#define PACKAGE "grep"
#define VERSION "2.5"
#define HAVE_SYS_TYPES_H 1
#define HAVE_SYS_STAT_H 1
#define HAVE_STDLIB_H 1
#define HAVE_STRING_H 1
#define HAVE_MEMORY_H 1
#define HAVE_STRINGS_H 1
#define HAVE_INTTYPES_H 1
#define HAVE_UNISTD_H 1
#define PROTOTYPES 1
#define STDC_HEADERS 1
#define HAVE_STRING_H 1
#define HAVE_INTTYPES_H 1
#define HAVE_UNSIGNED_LONG_LONG 1
#define STDC_HEADERS 1
#define HAVE_STRING_H 1
#define HAVE_STDLIB_H 1
#define HAVE_SYS_PARAM_H 1
#define HAVE_MEMORY_H 1
#define HAVE_UNISTD_H 1
#define HAVE_WCHAR_H 1
#define HAVE_DIRENT_H 1
#define HAVE_STDLIB_H 1
#define mbstate_t int
#define HAVE_ALLOCA_H 1
#define HAVE_ALLOCA 1
#define HAVE_STDLIB_H 1
#define HAVE_UNISTD_H 1
#define HAVE_BTOWC 1
#define HAVE_ISASCII 1
#define HAVE_MEMMOVE 1
#define HAVE_STRERROR 1
#define HAVE_WCTYPE 1
#define HAVE_MBRTOWC 1
#define HAVE_MEMCHR 1
#define HAVE_STPCPY 1
#define HAVE_STRTOUL 1
#define HAVE_ATEXIT 1
#define HAVE_FNMATCH 1
#define HAVE_STDLIB_H 1
#define HAVE_STRTOUMAX 1
#define HAVE_DECL_STRTOUL 1
#define HAVE_DECL_STRTOULL 1
#define HAVE_DECL_STRTOUL 1
#define HAVE_DECL_STRTOULL 1
#define HAVE_LIMITS_H 1
#define HAVE_LOCALE_H 1
#define HAVE_MALLOC_H 1
#define HAVE_STDDEF_H 1
#define HAVE_STDLIB_H 1
#define HAVE_STRING_H 1
#define HAVE_UNISTD_H 1
#define HAVE_SYS_PARAM_H 1
#define HAVE_FEOF_UNLOCKED 1
#define HAVE_FGETS_UNLOCKED 1
#define HAVE_GETCWD 1
#define HAVE_GETEGID 1
#define HAVE_GETEUID 1
#define HAVE_GETGID 1
#define HAVE_GETUID 1
#define HAVE_PUTENV 1
#define HAVE_SETLOCALE 1
#define HAVE_STPCPY 1
#define HAVE_STRCHR 1
#define HAVE_STRCASECMP 1
#define HAVE_STRDUP 1
#define HAVE_STRTOUL 1
#define HAVE_LC_MESSAGES 1
#define ENABLE_NLS 1
#define HAVE_DECL_STRERROR_R 0
#define HAVE_STRERROR_R 1
#define HAVE_STRING_H 1
#define HAVE_WORKING_STRERROR_R 1
#define HAVE_STRERROR 1
#define HAVE_STRERROR_R 1
#define HAVE_VPRINTF 1
#define STDC_HEADERS 1
#define HAVE_DONE_WORKING_MALLOC_CHECK 1
#define HAVE_DONE_WORKING_REALLOC_CHECK 1

configure: exit 0
