This file contains any messages produced by compilers while
running configure, to aid debugging if configure makes a mistake.

gcc -E
gcc -E
gcc -E
/boot/home/Development/current/src/apps/bin/sharutils-4.2.1/configure:1115: minix/config.h: No such file or directory
gcc -o conftest -g -O conftest.c
gcc -E
gcc -c -g -O conftest.c
gcc -c -g -O conftest.c
gcc -c -g -O conftest.c
gcc -c -g -O conftest.c
/boot/home/Development/current/src/apps/bin/sharutils-4.2.1/configure: In function `t':
/boot/home/Development/current/src/apps/bin/sharutils-4.2.1/configure:1425: `bogus' undeclared (first use in this function)
/boot/home/Development/current/src/apps/bin/sharutils-4.2.1/configure:1425: (Each undeclared identifier is reported only once
/boot/home/Development/current/src/apps/bin/sharutils-4.2.1/configure:1425: for each function it appears in.)
/boot/home/Development/current/src/apps/bin/sharutils-4.2.1/configure:1425: parse error before `endian'
gcc -o conftest -g -O conftest.c
gcc -E
gcc -E
gcc -E
gcc -E
gcc -E
gcc -E
gcc -c -g -O conftest.c
gcc -o conftest -g -O conftest.c -ldir
/boot/develop/tools/gnupro/bin/ld: cannot open -ldir: No such file or directory
collect2: ld returned 1 exit status
gcc -E
gcc -E
gcc -E
gcc -E
gcc -o conftest -g -O conftest.c
gcc -c -g -O conftest.c
gcc -c -g -O conftest.c
gcc -E
gcc -o conftest -g -O conftest.c
/tmp/ccyhLt2n.o: In function `t':
/boot/home/Development/current/src/apps/bin/sharutils-4.2.1/configure:1951: undefined reference to `basename'
collect2: ld returned 1 exit status
gcc -o conftest -g -O conftest.c
/tmp/ccxZzBNi.o: In function `t':
/boot/home/Development/current/src/apps/bin/sharutils-4.2.1/configure:1951: undefined reference to `fchmod'
collect2: ld returned 1 exit status
gcc -o conftest -g -O conftest.c
gcc -o conftest -g -O conftest.c
gcc -o conftest -g -O conftest.c
/boot/home/Development/current/src/apps/bin/sharutils-4.2.1/configure:1940: warning: conflicting types for built-in function `memcpy'
gcc -o conftest -g -O conftest.c
gcc -o conftest -g -O conftest.c
gcc -o conftest -g -O conftest.c
gcc -o conftest -g -O conftest.c
gcc -o conftest -g -O conftest.c
gcc -o conftest -g -O conftest.c
gcc -o conftest -g -O conftest.c -lintl
/boot/develop/tools/gnupro/bin/ld: cannot open -lintl: No such file or directory
collect2: ld returned 1 exit status
gcc -o conftest -g -O conftest.c
gcc -o conftest -g -O conftest.c
gcc -o conftest -g -O conftest.c
/boot/home/Development/current/src/apps/bin/sharutils-4.2.1/configure:2419: warning: conflicting types for built-in function `memset'
gcc -o conftest -g -O conftest.c
gcc -o conftest -g -O conftest.c
gcc -E
gcc -o conftest -g -O conftest.c
gcc -o conftest -g -O conftest.c
/tmp/ccV9j0pv.o: In function `t':
/boot/home/Development/current/src/apps/bin/sharutils-4.2.1/configure:2547: undefined reference to `getpagesize'
collect2: ld returned 1 exit status
gcc -o conftest -g -O conftest.c
/boot/home/Development/current/src/apps/bin/sharutils-4.2.1/configure:2588: sys/mman.h: No such file or directory
gcc -E
/boot/home/Development/current/src/apps/bin/sharutils-4.2.1/configure:2680: nl_types.h: No such file or directory
gcc -E
gcc -E
/boot/home/Development/current/src/apps/bin/sharutils-4.2.1/configure:2680: values.h: No such file or directory
gcc -o conftest -g -O conftest.c
/tmp/ccMQX6EV.o: In function `t':
/boot/home/Development/current/src/apps/bin/sharutils-4.2.1/configure:2730: undefined reference to `munmap'
collect2: ld returned 1 exit status
gcc -o conftest -g -O conftest.c
gcc -o conftest -g -O conftest.c
/tmp/ccT2ZPTm.o: In function `t':
/boot/home/Development/current/src/apps/bin/sharutils-4.2.1/configure:2730: undefined reference to `setenv'
collect2: ld returned 1 exit status
gcc -o conftest -g -O conftest.c
gcc -o conftest -g -O conftest.c
gcc -o conftest -g -O conftest.c
gcc -o conftest -g -O conftest.c -li
/boot/develop/tools/gnupro/bin/ld: cannot open -li: No such file or directory
collect2: ld returned 1 exit status
gcc -o conftest -g -O conftest.c
/tmp/ccdLAXjF.o: In function `t':
/boot/home/Development/current/src/apps/bin/sharutils-4.2.1/configure:2984: undefined reference to `gettext'
collect2: ld returned 1 exit status
gcc -o conftest -g -O conftest.c
/tmp/ccavKo9h.o: In function `t':
/boot/home/Development/current/src/apps/bin/sharutils-4.2.1/configure:3189: undefined reference to `catgets'
collect2: ld returned 1 exit status
