This file contains any messages produced by compilers while
running configure, to aid debugging if configure makes a mistake.

It was created by GNU diffutils configure 2.8.1, which was
generated by GNU Autoconf 2.53.  Invocation command line was

  $ ./configure 

## --------- ##
## Platform. ##
## --------- ##

hostname = 
uname -m = BePC
uname -r = 5.0
uname -s = BeOS
uname -v = 1000009

/usr/bin/uname -p = unknown
/bin/uname -X     = unknown

/bin/arch              = unknown
/usr/bin/arch -k       = unknown
/usr/convex/getsysinfo = unknown
hostinfo               = unknown
/bin/machine           = unknown
/usr/bin/oslevel       = unknown
/bin/universe          = unknown

PATH: .
PATH: /boot/home/config/bin
PATH: /bin
PATH: /boot/apps
PATH: /boot/preferences
PATH: /boot/beos/apps
PATH: /boot/beos/preferences
PATH: /boot/develop/tools/gnupro/bin
PATH: /boot/apps/X11R6.4/bin
PATH: /boot/apps/GeekGadgets/bin
PATH: /boot/home/bin


## ----------- ##
## Core tests. ##
## ----------- ##

configure:1275: checking for a BSD-compatible install
configure:1329: result: /bin/install -c
configure:1340: checking whether build environment is sane
configure:1383: result: yes
configure:1416: checking for gawk
configure:1432: found /bin/gawk
configure:1442: result: gawk
configure:1452: checking whether make sets ${MAKE}
configure:1472: result: yes
configure:1622: checking for gawk
configure:1648: result: gawk
configure:1704: checking for gcc
configure:1720: found /boot/develop/tools/gnupro/bin/gcc
configure:1730: result: gcc
configure:1974: checking for C compiler version
configure:1977: gcc --version </dev/null >&5
2.9-beos-991026
configure:1980: $? = 0
configure:1982: gcc -v </dev/null >&5
Reading specs from /boot/develop/tools/gnupro/lib/gcc-lib/i586-beos/2.9-beos-991026/specs
gcc version 2.9-beos-991026
configure:1985: $? = 0
configure:1987: gcc -V </dev/null >&5
gcc: argument to `-V' is missing
configure:1990: $? = 1
configure:2016: checking for C compiler default output
configure:2019: gcc    conftest.c  >&5
configure:2022: $? = 0
configure:2055: result: conftest
configure:2060: checking whether the C compiler works
configure:2066: ./conftest
configure:2069: $? = 0
configure:2084: result: yes
configure:2091: checking whether we are cross compiling
configure:2093: result: no
configure:2096: checking for suffix of executables
configure:2098: gcc -o conftest    conftest.c  >&5
configure:2101: $? = 0
configure:2123: result: 
configure:2129: checking for suffix of object files
configure:2153: gcc -c   conftest.c >&5
configure:2156: $? = 0
configure:2175: result: o
configure:2179: checking whether we are using the GNU C compiler
configure:2206: gcc -c   conftest.c >&5
configure:2209: $? = 0
configure:2212: test -s conftest.o
configure:2215: $? = 0
configure:2227: result: yes
configure:2233: checking whether gcc accepts -g
configure:2257: gcc -c -g  conftest.c >&5
configure:2260: $? = 0
configure:2263: test -s conftest.o
configure:2266: $? = 0
configure:2276: result: yes
configure:2303: gcc -c -g -O2  conftest.c >&5
/boot/home/Development/current/src/apps/bin/diffutils-2.8.1/conftest.c:2: parse error before `me'
configure:2306: $? = 1
configure: failed program was:
#ifndef __cplusplus
  choke me
#endif
configure:2435: checking for style of include used by make
configure:2463: result: GNU
configure:2491: checking dependency style of gcc
configure:2553: result: gcc
configure:2560: checking for strerror in -lcposix
configure:2593: gcc -o conftest -g -O2   conftest.c -lcposix   >&5
/boot/develop/tools/gnupro/bin/ld: cannot open -lcposix: No such file or directory
collect2: ld returned 1 exit status
configure:2596: $? = 1
configure: failed program was:
#line 2567 "configure"
#include "confdefs.h"

/* Override any gcc2 internal prototype to avoid an error.  */
#ifdef __cplusplus
extern "C"
#endif
/* We use char because int might match the return type of a gcc2
   builtin and then its argument prototype would still apply.  */
char strerror ();
#ifdef F77_DUMMY_MAIN
#  ifdef __cplusplus
     extern "C"
#  endif
   int F77_DUMMY_MAIN() { return 1; }
#endif
int
main ()
{
strerror ();
  ;
  return 0;
}
configure:2613: result: no
configure:2624: checking for gcc option to accept ANSI C
configure:2690: gcc  -c -g -O2  conftest.c >&5
configure:2693: $? = 0
configure:2696: test -s conftest.o
configure:2699: $? = 0
configure:2713: result: none needed
configure:2729: checking how to run the C preprocessor
configure:2755: gcc -E  conftest.c
configure:2761: $? = 0
configure:2788: gcc -E  conftest.c
/boot/home/Development/current/src/apps/bin/diffutils-2.8.1/configure:2784: ac_nonexistent.h: No such file or directory
configure:2794: $? = 1
configure: failed program was:
#line 2783 "configure"
#include "confdefs.h"
#include <ac_nonexistent.h>
configure:2831: result: gcc -E
configure:2846: gcc -E  conftest.c
configure:2852: $? = 0
configure:2879: gcc -E  conftest.c
/boot/home/Development/current/src/apps/bin/diffutils-2.8.1/configure:2875: ac_nonexistent.h: No such file or directory
configure:2885: $? = 1
configure: failed program was:
#line 2874 "configure"
#include "confdefs.h"
#include <ac_nonexistent.h>
configure:2939: checking for a BSD-compatible install
configure:2993: result: /bin/install -c
configure:3045: checking for ranlib
configure:3061: found /boot/develop/tools/gnupro/bin/ranlib
configure:3072: result: ranlib
configure:3113: checking for special C compiler options needed for large files
configure:3193: result: no
configure:3199: checking for _FILE_OFFSET_BITS value needed for large files
configure:3233: gcc -c -g -O2  conftest.c >&5
configure:3236: $? = 0
configure:3239: test -s conftest.o
configure:3242: $? = 0
configure:3298: result: no
configure:3308: checking for _LARGE_FILES value needed for large files
configure:3342: gcc -c -g -O2  conftest.c >&5
configure:3345: $? = 0
configure:3348: test -s conftest.o
configure:3351: $? = 0
configure:3407: result: no
configure:3420: checking for gcc option to accept ANSI C
configure:3483: gcc  -c -g -O2  conftest.c >&5
configure:3486: $? = 0
configure:3489: test -s conftest.o
configure:3492: $? = 0
configure:3509: result: none needed
configure:3517: checking for an ANSI C-conforming const
configure:3587: gcc -c -g -O2  conftest.c >&5
configure:3590: $? = 0
configure:3593: test -s conftest.o
configure:3596: $? = 0
configure:3606: result: yes
configure:3616: checking for inline
configure:3633: gcc -c -g -O2  conftest.c >&5
configure:3636: $? = 0
configure:3639: test -s conftest.o
configure:3642: $? = 0
configure:3653: result: inline
configure:3669: checking for variable-length arrays
configure:3693: gcc -c -g -O2  conftest.c >&5
configure:3696: $? = 0
configure:3699: test -s conftest.o
configure:3702: $? = 0
configure:3712: result: yes
configure:3737: checking for pr
configure:3755: found /bin/pr
configure:3768: result: /bin/pr
configure:3781: checking for stdbool.h that conforms to C99
configure:3831: gcc -c -g -O2  conftest.c >&5
/boot/home/Development/current/src/apps/bin/diffutils-2.8.1/configure:3790: parse error before string constant
/boot/home/Development/current/src/apps/bin/diffutils-2.8.1/configure:3802: warning: data definition has no type or storage class
/boot/home/Development/current/src/apps/bin/diffutils-2.8.1/configure:3802: warning: data definition has no type or storage class
/boot/home/Development/current/src/apps/bin/diffutils-2.8.1/configure:3807: size of array `d' is negative
/boot/home/Development/current/src/apps/bin/diffutils-2.8.1/configure:3808: variable-size type declared outside of any function
/boot/home/Development/current/src/apps/bin/diffutils-2.8.1/configure:3809: `_Bool' undeclared here (not in a function)
/boot/home/Development/current/src/apps/bin/diffutils-2.8.1/configure:3811: `_Bool' undeclared here (not in a function)
/boot/home/Development/current/src/apps/bin/diffutils-2.8.1/configure:3812: request for member `t' in something not a structure or union
configure:3834: $? = 1
configure: failed program was:
#line 3786 "configure"
#include "confdefs.h"

	  #include <stdbool.h>
	  #ifndef bool
	   "error: bool is not defined"
	  #endif
	  #ifndef false
	   "error: false is not defined"
	  #endif
	  #ifndef true
	   "error: false is not defined"
	  #endif
	  #ifndef __bool_true_false_are_defined
	   "error: __bool_true_false_are_defined is not defined"
	  #endif

	  struct s { _Bool s: 1; _Bool t; } s;

	  char a[true == 1 ? 1 : -1];
	  char b[false == 0 ? 1 : -1];
	  char c[__bool_true_false_are_defined == 1 ? 1 : -1];
	  char d[(bool) -0.5 == true ? 1 : -1];
	  char e[(bool) &s == true ? 1 : -1];
	  char f[(_Bool) -0.0 == false ? 1 : -1];
	  char g[true];
	  char h[sizeof (_Bool)];
	  char i[sizeof s.t];

#ifdef F77_DUMMY_MAIN
#  ifdef __cplusplus
     extern "C"
#  endif
   int F77_DUMMY_MAIN() { return 1; }
#endif
int
main ()
{
 return !a + !b + !c + !d + !e + !f + !g + !h + !i;
  ;
  return 0;
}
configure:3850: result: no
configure:3860: checking for ANSI C header files
configure:3874: gcc -E  conftest.c
configure:3880: $? = 0
configure:3965: gcc -o conftest -g -O2   conftest.c  >&5
configure:3968: $? = 0
configure:3970: ./conftest
configure:3973: $? = 0
configure:3987: result: yes
configure:4011: checking for sys/types.h
configure:4024: gcc -c -g -O2  conftest.c >&5
configure:4027: $? = 0
configure:4030: test -s conftest.o
configure:4033: $? = 0
configure:4043: result: yes
configure:4011: checking for sys/stat.h
configure:4024: gcc -c -g -O2  conftest.c >&5
configure:4027: $? = 0
configure:4030: test -s conftest.o
configure:4033: $? = 0
configure:4043: result: yes
configure:4011: checking for stdlib.h
configure:4024: gcc -c -g -O2  conftest.c >&5
configure:4027: $? = 0
configure:4030: test -s conftest.o
configure:4033: $? = 0
configure:4043: result: yes
configure:4011: checking for string.h
configure:4024: gcc -c -g -O2  conftest.c >&5
configure:4027: $? = 0
configure:4030: test -s conftest.o
configure:4033: $? = 0
configure:4043: result: yes
configure:4011: checking for memory.h
configure:4024: gcc -c -g -O2  conftest.c >&5
configure:4027: $? = 0
configure:4030: test -s conftest.o
configure:4033: $? = 0
configure:4043: result: yes
configure:4011: checking for strings.h
configure:4024: gcc -c -g -O2  conftest.c >&5
configure:4027: $? = 0
configure:4030: test -s conftest.o
configure:4033: $? = 0
configure:4043: result: yes
configure:4011: checking for inttypes.h
configure:4024: gcc -c -g -O2  conftest.c >&5
configure:4027: $? = 0
configure:4030: test -s conftest.o
configure:4033: $? = 0
configure:4043: result: yes
configure:4011: checking for stdint.h
configure:4024: gcc -c -g -O2  conftest.c >&5
/boot/home/Development/current/src/apps/bin/diffutils-2.8.1/configure:4052: stdint.h: No such file or directory
configure:4027: $? = 1
configure: failed program was:
#line 4016 "configure"
#include "confdefs.h"
#include <stdio.h>
#if HAVE_SYS_TYPES_H
# include <sys/types.h>
#endif
#if HAVE_SYS_STAT_H
# include <sys/stat.h>
#endif
#if STDC_HEADERS
# include <stdlib.h>
# include <stddef.h>
#else
# if HAVE_STDLIB_H
#  include <stdlib.h>
# endif
#endif
#if HAVE_STRING_H
# if !STDC_HEADERS && HAVE_MEMORY_H
#  include <memory.h>
# endif
# include <string.h>
#endif
#if HAVE_STRINGS_H
# include <strings.h>
#endif
#if HAVE_INTTYPES_H
# include <inttypes.h>
#else
# if HAVE_STDINT_H
#  include <stdint.h>
# endif
#endif
#if HAVE_UNISTD_H
# include <unistd.h>
#endif

#include <stdint.h>
configure:4043: result: no
configure:4011: checking for unistd.h
configure:4024: gcc -c -g -O2  conftest.c >&5
configure:4027: $? = 0
configure:4030: test -s conftest.o
configure:4033: $? = 0
configure:4043: result: yes
configure:4078: checking fcntl.h usability
configure:4087: gcc -c -g -O2  conftest.c >&5
configure:4090: $? = 0
configure:4093: test -s conftest.o
configure:4096: $? = 0
configure:4105: result: yes
configure:4109: checking fcntl.h presence
configure:4116: gcc -E  conftest.c
configure:4122: $? = 0
configure:4140: result: yes
configure:4158: checking for fcntl.h
configure:4165: result: yes
configure:4078: checking libintl.h usability
configure:4087: gcc -c -g -O2  conftest.c >&5
/boot/home/Development/current/src/apps/bin/diffutils-2.8.1/configure:4115: libintl.h: No such file or directory
configure:4090: $? = 1
configure: failed program was:
#line 4080 "configure"
#include "confdefs.h"
#include <stdio.h>
#if HAVE_SYS_TYPES_H
# include <sys/types.h>
#endif
#if HAVE_SYS_STAT_H
# include <sys/stat.h>
#endif
#if STDC_HEADERS
# include <stdlib.h>
# include <stddef.h>
#else
# if HAVE_STDLIB_H
#  include <stdlib.h>
# endif
#endif
#if HAVE_STRING_H
# if !STDC_HEADERS && HAVE_MEMORY_H
#  include <memory.h>
# endif
# include <string.h>
#endif
#if HAVE_STRINGS_H
# include <strings.h>
#endif
#if HAVE_INTTYPES_H
# include <inttypes.h>
#else
# if HAVE_STDINT_H
#  include <stdint.h>
# endif
#endif
#if HAVE_UNISTD_H
# include <unistd.h>
#endif
#include <libintl.h>
configure:4105: result: no
configure:4109: checking libintl.h presence
configure:4116: gcc -E  conftest.c
/boot/home/Development/current/src/apps/bin/diffutils-2.8.1/configure:4112: libintl.h: No such file or directory
configure:4122: $? = 1
configure: failed program was:
#line 4111 "configure"
#include "confdefs.h"
#include <libintl.h>
configure:4140: result: no
configure:4158: checking for libintl.h
configure:4165: result: no
configure:4078: checking limits.h usability
configure:4087: gcc -c -g -O2  conftest.c >&5
configure:4090: $? = 0
configure:4093: test -s conftest.o
configure:4096: $? = 0
configure:4105: result: yes
configure:4109: checking limits.h presence
configure:4116: gcc -E  conftest.c
configure:4122: $? = 0
configure:4140: result: yes
configure:4158: checking for limits.h
configure:4165: result: yes
configure:4078: checking locale.h usability
configure:4087: gcc -c -g -O2  conftest.c >&5
configure:4090: $? = 0
configure:4093: test -s conftest.o
configure:4096: $? = 0
configure:4105: result: yes
configure:4109: checking locale.h presence
configure:4116: gcc -E  conftest.c
configure:4122: $? = 0
configure:4140: result: yes
configure:4158: checking for locale.h
configure:4165: result: yes
configure:4069: checking for stdlib.h
configure:4074: result: yes
configure:4069: checking for string.h
configure:4074: result: yes
configure:4078: checking sys/file.h usability
configure:4087: gcc -c -g -O2  conftest.c >&5
configure:4090: $? = 0
configure:4093: test -s conftest.o
configure:4096: $? = 0
configure:4105: result: yes
configure:4109: checking sys/file.h presence
configure:4116: gcc -E  conftest.c
configure:4122: $? = 0
configure:4140: result: yes
configure:4158: checking for sys/file.h
configure:4165: result: yes
configure:4078: checking time.h usability
configure:4087: gcc -c -g -O2  conftest.c >&5
configure:4090: $? = 0
configure:4093: test -s conftest.o
configure:4096: $? = 0
configure:4105: result: yes
configure:4109: checking time.h presence
configure:4116: gcc -E  conftest.c
configure:4122: $? = 0
configure:4140: result: yes
configure:4158: checking for time.h
configure:4165: result: yes
configure:4069: checking for unistd.h
configure:4074: result: yes
configure:4178: checking for struct stat.st_blksize
configure:4204: gcc -c -g -O2  conftest.c >&5
configure:4207: $? = 0
configure:4210: test -s conftest.o
configure:4213: $? = 0
configure:4223: result: yes
configure:4234: checking for struct stat.st_rdev
configure:4260: gcc -c -g -O2  conftest.c >&5
configure:4263: $? = 0
configure:4266: test -s conftest.o
configure:4269: $? = 0
configure:4279: result: yes
configure:4290: checking for ptrdiff_t
configure:4317: gcc -c -g -O2  conftest.c >&5
configure:4320: $? = 0
configure:4323: test -s conftest.o
configure:4326: $? = 0
configure:4336: result: yes
configure:4348: checking for ssize_t
configure:4375: gcc -c -g -O2  conftest.c >&5
configure:4378: $? = 0
configure:4381: test -s conftest.o
configure:4384: $? = 0
configure:4394: result: yes
configure:4407: checking for unsigned long long
configure:4432: gcc -o conftest -g -O2   conftest.c  >&5
configure:4435: $? = 0
configure:4438: test -s conftest
configure:4441: $? = 0
configure:4451: result: yes
configure:4463: checking for uintmax_t
configure:4490: gcc -c -g -O2  conftest.c >&5
configure:4493: $? = 0
configure:4496: test -s conftest.o
configure:4499: $? = 0
configure:4509: result: yes
configure:4540: checking for msgfmt
configure:4571: result: no
configure:4577: checking for gmsgfmt
configure:4608: result: :
configure:4618: checking for xgettext
configure:4649: result: no
configure:4657: checking for msgmerge
configure:4687: result: no
configure:4741: checking build system type
configure:4759: result: i586-pc-beos
configure:4767: checking host system type
configure:4781: result: i586-pc-beos
configure:4800: checking for ld used by GCC
configure:4863: result: /boot/develop/tools/gnupro/bin/ld
configure:4872: checking if the linker (/boot/develop/tools/gnupro/bin/ld) is GNU ld
GNU ld version 2.9-beos-991026 (with BFD 2.9-beos-991026)
configure:4884: result: yes
configure:4890: checking for shared library run path origin
configure:4903: result: done
configure:4926: checking whether NLS is requested
configure:4935: result: yes
configure:4952: checking for GNU gettext in libc
configure:4979: gcc -o conftest -g -O2   conftest.c  >&5
/boot/home/Development/current/src/apps/bin/diffutils-2.8.1/configure:4958: libintl.h: No such file or directory
configure:4982: $? = 1
configure: failed program was:
#line 4957 "configure"
#include "confdefs.h"
#include <libintl.h>
extern int _nl_msg_cat_cntr;
extern int *_nl_domain_bindings;
#ifdef F77_DUMMY_MAIN
#  ifdef __cplusplus
     extern "C"
#  endif
   int F77_DUMMY_MAIN() { return 1; }
#endif
int
main ()
{
bindtextdomain ("", "");
return (int) gettext ("") + _nl_msg_cat_cntr + *_nl_domain_bindings
  ;
  return 0;
}
configure:4998: result: no
configure:5387: checking for iconv
configure:5417: gcc -o conftest -g -O2   conftest.c  >&5
/boot/home/Development/current/src/apps/bin/diffutils-2.8.1/configure:5397: iconv.h: No such file or directory
configure:5420: $? = 1
configure: failed program was:
#line 5395 "configure"
#include "confdefs.h"
#include <stdlib.h>
#include <iconv.h>
#ifdef F77_DUMMY_MAIN
#  ifdef __cplusplus
     extern "C"
#  endif
   int F77_DUMMY_MAIN() { return 1; }
#endif
int
main ()
{
iconv_t cd = iconv_open("","");
       iconv(cd,NULL,NULL,NULL,NULL);
       iconv_close(cd);
  ;
  return 0;
}
configure:5459: gcc -o conftest -g -O2   conftest.c  -liconv >&5
/boot/home/Development/current/src/apps/bin/diffutils-2.8.1/configure:5439: iconv.h: No such file or directory
configure:5462: $? = 1
configure: failed program was:
#line 5437 "configure"
#include "confdefs.h"
#include <stdlib.h>
#include <iconv.h>
#ifdef F77_DUMMY_MAIN
#  ifdef __cplusplus
     extern "C"
#  endif
   int F77_DUMMY_MAIN() { return 1; }
#endif
int
main ()
{
iconv_t cd = iconv_open("","");
         iconv(cd,NULL,NULL,NULL,NULL);
         iconv_close(cd);
  ;
  return 0;
}
configure:5481: result: no, consider installing GNU libiconv
configure:5857: checking for GNU gettext in libintl
configure:5893: gcc -o conftest -g -O2    conftest.c  -lintl >&5
/boot/home/Development/current/src/apps/bin/diffutils-2.8.1/configure:5867: libintl.h: No such file or directory
configure:5896: $? = 1
configure: failed program was:
#line 5866 "configure"
#include "confdefs.h"
#include <libintl.h>
extern int _nl_msg_cat_cntr;
extern int *_nl_domain_bindings;
extern
#ifdef __cplusplus
"C"
#endif
const char *_nl_expand_alias ();
#ifdef F77_DUMMY_MAIN
#  ifdef __cplusplus
     extern "C"
#  endif
   int F77_DUMMY_MAIN() { return 1; }
#endif
int
main ()
{
bindtextdomain ("", "");
return (int) gettext ("") + _nl_msg_cat_cntr + *_nl_domain_bindings + *_nl_expand_alias (0)
  ;
  return 0;
}
configure:5964: result: no
configure:6058: checking for dirent.h that defines DIR
configure:6085: gcc -c -g -O2  conftest.c >&5
configure:6088: $? = 0
configure:6091: test -s conftest.o
configure:6094: $? = 0
configure:6104: result: yes
configure:6117: checking for library containing opendir
configure:6150: gcc -o conftest -g -O2   conftest.c  >&5
configure:6153: $? = 0
configure:6156: test -s conftest
configure:6159: $? = 0
configure:6218: result: none required
configure:6336: checking whether stat file-mode macros are broken
configure:6381: result: no
configure:6391: checking for sys/wait.h that is POSIX.1 compatible
configure:6425: gcc -c -g -O2  conftest.c >&5
configure:6428: $? = 0
configure:6431: test -s conftest.o
configure:6434: $? = 0
configure:6444: result: yes
configure:6454: checking for nanoseconds member of struct stat.st_mtim
configure:6488: gcc -c -g -O2  -DST_MTIM_NSEC=tv_nsec conftest.c >&5
/boot/home/Development/current/src/apps/bin/diffutils-2.8.1/configure: In function `main':
/boot/home/Development/current/src/apps/bin/diffutils-2.8.1/configure:6480: structure has no member named `st_mtim'
configure:6491: $? = 1
configure: failed program was:
#line 6468 "configure"
#include "confdefs.h"
#include <sys/types.h>
#include <sys/stat.h>
#ifdef F77_DUMMY_MAIN
#  ifdef __cplusplus
     extern "C"
#  endif
   int F77_DUMMY_MAIN() { return 1; }
#endif
int
main ()
{
struct stat s; s.st_mtim.ST_MTIM_NSEC;
  ;
  return 0;
}
configure:6488: gcc -c -g -O2  -DST_MTIM_NSEC=_tv_nsec conftest.c >&5
/boot/home/Development/current/src/apps/bin/diffutils-2.8.1/configure: In function `main':
/boot/home/Development/current/src/apps/bin/diffutils-2.8.1/configure:6480: structure has no member named `st_mtim'
configure:6491: $? = 1
configure: failed program was:
#line 6468 "configure"
#include "confdefs.h"
#include <sys/types.h>
#include <sys/stat.h>
#ifdef F77_DUMMY_MAIN
#  ifdef __cplusplus
     extern "C"
#  endif
   int F77_DUMMY_MAIN() { return 1; }
#endif
int
main ()
{
struct stat s; s.st_mtim.ST_MTIM_NSEC;
  ;
  return 0;
}
configure:6488: gcc -c -g -O2  -DST_MTIM_NSEC=st__tim.tv_nsec conftest.c >&5
/boot/home/Development/current/src/apps/bin/diffutils-2.8.1/configure: In function `main':
/boot/home/Development/current/src/apps/bin/diffutils-2.8.1/configure:6480: structure has no member named `st_mtim'
configure:6491: $? = 1
configure: failed program was:
#line 6468 "configure"
#include "confdefs.h"
#include <sys/types.h>
#include <sys/stat.h>
#ifdef F77_DUMMY_MAIN
#  ifdef __cplusplus
     extern "C"
#  endif
   int F77_DUMMY_MAIN() { return 1; }
#endif
int
main ()
{
struct stat s; s.st_mtim.ST_MTIM_NSEC;
  ;
  return 0;
}
configure:6508: result: no
configure:6520: checking for pid_t
configure:6547: gcc -c -g -O2  conftest.c >&5
configure:6550: $? = 0
configure:6553: test -s conftest.o
configure:6556: $? = 0
configure:6566: result: yes
configure:6578: checking return type of signal handlers
configure:6612: gcc -c -g -O2  conftest.c >&5
configure:6615: $? = 0
configure:6618: test -s conftest.o
configure:6621: $? = 0
configure:6631: result: void
configure:6652: checking for diraccess
configure:6695: gcc -o conftest -g -O2   conftest.c  >&5
/tmp/cc2mHzIr.o: In function `main':
/boot/home/Development/current/src/apps/bin/diffutils-2.8.1/configure:6685: undefined reference to `diraccess'
collect2: ld returned 1 exit status
configure:6698: $? = 1
configure: failed program was:
#line 6657 "configure"
#include "confdefs.h"
/* System header to define __stub macros and hopefully few prototypes,
    which can conflict with char diraccess (); below.  */
#include <assert.h>
/* Override any gcc2 internal prototype to avoid an error.  */
#ifdef __cplusplus
extern "C"
#endif
/* We use char because int might match the return type of a gcc2
   builtin and then its argument prototype would still apply.  */
char diraccess ();
char (*f) ();

#ifdef F77_DUMMY_MAIN
#  ifdef __cplusplus
     extern "C"
#  endif
   int F77_DUMMY_MAIN() { return 1; }
#endif
int
main ()
{
/* The GNU C library defines this for functions which it implements
    to always fail with ENOSYS.  Some functions are actually named
    something starting with __ and the normal name is an alias.  */
#if defined (__stub_diraccess) || defined (__stub___diraccess)
choke me
#else
f = diraccess;
#endif

  ;
  return 0;
}
configure:6714: result: no
configure:6652: checking for dup2
configure:6695: gcc -o conftest -g -O2   conftest.c  >&5
configure:6698: $? = 0
configure:6701: test -s conftest
configure:6704: $? = 0
configure:6714: result: yes
configure:6652: checking for gettimeofday
configure:6695: gcc -o conftest -g -O2   conftest.c  >&5
configure:6698: $? = 0
configure:6701: test -s conftest
configure:6704: $? = 0
configure:6714: result: yes
configure:6652: checking for sigaction
configure:6695: gcc -o conftest -g -O2   conftest.c  >&5
configure:6698: $? = 0
configure:6701: test -s conftest
configure:6704: $? = 0
configure:6714: result: yes
configure:6652: checking for sigprocmask
configure:6695: gcc -o conftest -g -O2   conftest.c  >&5
configure:6698: $? = 0
configure:6701: test -s conftest
configure:6704: $? = 0
configure:6714: result: yes
configure:6652: checking for strchr
configure:6695: gcc -o conftest -g -O2   conftest.c  >&5
configure:6698: $? = 0
configure:6701: test -s conftest
configure:6704: $? = 0
configure:6714: result: yes
configure:6652: checking for strerror
configure:6695: gcc -o conftest -g -O2   conftest.c  >&5
configure:6698: $? = 0
configure:6701: test -s conftest
configure:6704: $? = 0
configure:6714: result: yes
configure:6652: checking for tmpnam
configure:6695: gcc -o conftest -g -O2   conftest.c  >&5
configure:6698: $? = 0
configure:6701: test -s conftest
configure:6704: $? = 0
configure:6714: result: yes
configure:6731: checking for memchr
configure:6774: gcc -o conftest -g -O2   conftest.c  >&5
configure:6777: $? = 0
configure:6780: test -s conftest
configure:6783: $? = 0
configure:6793: result: yes
configure:6731: checking for mkstemp
configure:6774: gcc -o conftest -g -O2   conftest.c  >&5
configure:6777: $? = 0
configure:6780: test -s conftest
configure:6783: $? = 0
configure:6793: result: yes
configure:6731: checking for strcasecmp
configure:6774: gcc -o conftest -g -O2   conftest.c  >&5
configure:6777: $? = 0
configure:6780: test -s conftest
configure:6783: $? = 0
configure:6793: result: yes
configure:6731: checking for waitpid
configure:6774: gcc -o conftest -g -O2   conftest.c  >&5
configure:6777: $? = 0
configure:6780: test -s conftest
configure:6783: $? = 0
configure:6793: result: yes
configure:6809: checking whether closedir returns void
configure:6841: gcc -o conftest -g -O2   conftest.c  >&5
configure:6844: $? = 0
configure:6846: ./conftest
configure:6849: $? = 0
configure:6862: result: no
configure:6878: checking for unistd.h
configure:6883: result: yes
configure:6887: checking vfork.h usability
configure:6896: gcc -c -g -O2  conftest.c >&5
/boot/home/Development/current/src/apps/bin/diffutils-2.8.1/configure:6924: vfork.h: No such file or directory
configure:6899: $? = 1
configure: failed program was:
#line 6889 "configure"
#include "confdefs.h"
#include <stdio.h>
#if HAVE_SYS_TYPES_H
# include <sys/types.h>
#endif
#if HAVE_SYS_STAT_H
# include <sys/stat.h>
#endif
#if STDC_HEADERS
# include <stdlib.h>
# include <stddef.h>
#else
# if HAVE_STDLIB_H
#  include <stdlib.h>
# endif
#endif
#if HAVE_STRING_H
# if !STDC_HEADERS && HAVE_MEMORY_H
#  include <memory.h>
# endif
# include <string.h>
#endif
#if HAVE_STRINGS_H
# include <strings.h>
#endif
#if HAVE_INTTYPES_H
# include <inttypes.h>
#else
# if HAVE_STDINT_H
#  include <stdint.h>
# endif
#endif
#if HAVE_UNISTD_H
# include <unistd.h>
#endif
#include <vfork.h>
configure:6914: result: no
configure:6918: checking vfork.h presence
configure:6925: gcc -E  conftest.c
/boot/home/Development/current/src/apps/bin/diffutils-2.8.1/configure:6921: vfork.h: No such file or directory
configure:6931: $? = 1
configure: failed program was:
#line 6920 "configure"
#include "confdefs.h"
#include <vfork.h>
configure:6949: result: no
configure:6967: checking for vfork.h
configure:6974: result: no
configure:6992: checking for fork
configure:7035: gcc -o conftest -g -O2   conftest.c  >&5
configure:7038: $? = 0
configure:7041: test -s conftest
configure:7044: $? = 0
configure:7054: result: yes
configure:6992: checking for vfork
configure:7035: gcc -o conftest -g -O2   conftest.c  >&5
/tmp/ccR4UB3q.o: In function `main':
/boot/home/Development/current/src/apps/bin/diffutils-2.8.1/configure:7025: undefined reference to `vfork'
collect2: ld returned 1 exit status
configure:7038: $? = 1
configure: failed program was:
#line 6997 "configure"
#include "confdefs.h"
/* System header to define __stub macros and hopefully few prototypes,
    which can conflict with char vfork (); below.  */
#include <assert.h>
/* Override any gcc2 internal prototype to avoid an error.  */
#ifdef __cplusplus
extern "C"
#endif
/* We use char because int might match the return type of a gcc2
   builtin and then its argument prototype would still apply.  */
char vfork ();
char (*f) ();

#ifdef F77_DUMMY_MAIN
#  ifdef __cplusplus
     extern "C"
#  endif
   int F77_DUMMY_MAIN() { return 1; }
#endif
int
main ()
{
/* The GNU C library defines this for functions which it implements
    to always fail with ENOSYS.  Some functions are actually named
    something starting with __ and the normal name is an alias.  */
#if defined (__stub_vfork) || defined (__stub___vfork)
choke me
#else
f = vfork;
#endif

  ;
  return 0;
}
configure:7054: result: no
configure:7066: checking for working fork
configure:7110: result: yes
configure:7291: checking for vprintf
configure:7334: gcc -o conftest -g -O2   conftest.c  >&5
configure:7337: $? = 0
configure:7340: test -s conftest
configure:7343: $? = 0
configure:7353: result: yes
configure:7360: checking for _doprnt
configure:7403: gcc -o conftest -g -O2   conftest.c  >&5
/tmp/ccxwh45h.o: In function `main':
/boot/home/Development/current/src/apps/bin/diffutils-2.8.1/configure:7393: undefined reference to `_doprnt'
collect2: ld returned 1 exit status
configure:7406: $? = 1
configure: failed program was:
#line 7365 "configure"
#include "confdefs.h"
/* System header to define __stub macros and hopefully few prototypes,
    which can conflict with char _doprnt (); below.  */
#include <assert.h>
/* Override any gcc2 internal prototype to avoid an error.  */
#ifdef __cplusplus
extern "C"
#endif
/* We use char because int might match the return type of a gcc2
   builtin and then its argument prototype would still apply.  */
char _doprnt ();
char (*f) ();

#ifdef F77_DUMMY_MAIN
#  ifdef __cplusplus
     extern "C"
#  endif
   int F77_DUMMY_MAIN() { return 1; }
#endif
int
main ()
{
/* The GNU C library defines this for functions which it implements
    to always fail with ENOSYS.  Some functions are actually named
    something starting with __ and the normal name is an alias.  */
#if defined (__stub__doprnt) || defined (__stub____doprnt)
choke me
#else
f = _doprnt;
#endif

  ;
  return 0;
}
configure:7422: result: no
configure:7436: checking whether clearerr_unlocked is declared
configure:7463: gcc -c -g -O2  conftest.c >&5
configure:7466: $? = 0
configure:7469: test -s conftest.o
configure:7472: $? = 0
configure:7482: result: yes
configure:7498: checking whether feof_unlocked is declared
configure:7525: gcc -c -g -O2  conftest.c >&5
configure:7528: $? = 0
configure:7531: test -s conftest.o
configure:7534: $? = 0
configure:7544: result: yes
configure:7560: checking whether ferror_unlocked is declared
configure:7587: gcc -c -g -O2  conftest.c >&5
configure:7590: $? = 0
configure:7593: test -s conftest.o
configure:7596: $? = 0
configure:7606: result: yes
configure:7622: checking whether fflush_unlocked is declared
configure:7649: gcc -c -g -O2  conftest.c >&5
configure:7652: $? = 0
configure:7655: test -s conftest.o
configure:7658: $? = 0
configure:7668: result: yes
configure:7684: checking whether fgets_unlocked is declared
configure:7711: gcc -c -g -O2  conftest.c >&5
/boot/home/Development/current/src/apps/bin/diffutils-2.8.1/configure: In function `main':
/boot/home/Development/current/src/apps/bin/diffutils-2.8.1/configure:7734: `fgets_unlocked' undeclared (first use in this function)
/boot/home/Development/current/src/apps/bin/diffutils-2.8.1/configure:7734: (Each undeclared identifier is reported only once
/boot/home/Development/current/src/apps/bin/diffutils-2.8.1/configure:7734: for each function it appears in.)
configure:7714: $? = 1
configure: failed program was:
#line 7689 "configure"
#include "confdefs.h"
#include <stdio.h>
#if HAVE_SYS_TYPES_H
# include <sys/types.h>
#endif
#if HAVE_SYS_STAT_H
# include <sys/stat.h>
#endif
#if STDC_HEADERS
# include <stdlib.h>
# include <stddef.h>
#else
# if HAVE_STDLIB_H
#  include <stdlib.h>
# endif
#endif
#if HAVE_STRING_H
# if !STDC_HEADERS && HAVE_MEMORY_H
#  include <memory.h>
# endif
# include <string.h>
#endif
#if HAVE_STRINGS_H
# include <strings.h>
#endif
#if HAVE_INTTYPES_H
# include <inttypes.h>
#else
# if HAVE_STDINT_H
#  include <stdint.h>
# endif
#endif
#if HAVE_UNISTD_H
# include <unistd.h>
#endif
#ifdef F77_DUMMY_MAIN
#  ifdef __cplusplus
     extern "C"
#  endif
   int F77_DUMMY_MAIN() { return 1; }
#endif
int
main ()
{
#ifndef fgets_unlocked
  char *p = (char *) fgets_unlocked;
#endif

  ;
  return 0;
}
configure:7730: result: no
configure:7746: checking whether fputc_unlocked is declared
configure:7773: gcc -c -g -O2  conftest.c >&5
configure:7776: $? = 0
configure:7779: test -s conftest.o
configure:7782: $? = 0
configure:7792: result: yes
configure:7808: checking whether fputs_unlocked is declared
configure:7835: gcc -c -g -O2  conftest.c >&5
/boot/home/Development/current/src/apps/bin/diffutils-2.8.1/configure: In function `main':
/boot/home/Development/current/src/apps/bin/diffutils-2.8.1/configure:7858: `fputs_unlocked' undeclared (first use in this function)
/boot/home/Development/current/src/apps/bin/diffutils-2.8.1/configure:7858: (Each undeclared identifier is reported only once
/boot/home/Development/current/src/apps/bin/diffutils-2.8.1/configure:7858: for each function it appears in.)
configure:7838: $? = 1
configure: failed program was:
#line 7813 "configure"
#include "confdefs.h"
#include <stdio.h>
#if HAVE_SYS_TYPES_H
# include <sys/types.h>
#endif
#if HAVE_SYS_STAT_H
# include <sys/stat.h>
#endif
#if STDC_HEADERS
# include <stdlib.h>
# include <stddef.h>
#else
# if HAVE_STDLIB_H
#  include <stdlib.h>
# endif
#endif
#if HAVE_STRING_H
# if !STDC_HEADERS && HAVE_MEMORY_H
#  include <memory.h>
# endif
# include <string.h>
#endif
#if HAVE_STRINGS_H
# include <strings.h>
#endif
#if HAVE_INTTYPES_H
# include <inttypes.h>
#else
# if HAVE_STDINT_H
#  include <stdint.h>
# endif
#endif
#if HAVE_UNISTD_H
# include <unistd.h>
#endif
#ifdef F77_DUMMY_MAIN
#  ifdef __cplusplus
     extern "C"
#  endif
   int F77_DUMMY_MAIN() { return 1; }
#endif
int
main ()
{
#ifndef fputs_unlocked
  char *p = (char *) fputs_unlocked;
#endif

  ;
  return 0;
}
configure:7854: result: no
configure:7870: checking whether fread_unlocked is declared
configure:7897: gcc -c -g -O2  conftest.c >&5
configure:7900: $? = 0
configure:7903: test -s conftest.o
configure:7906: $? = 0
configure:7916: result: yes
configure:7932: checking whether fwrite_unlocked is declared
configure:7959: gcc -c -g -O2  conftest.c >&5
configure:7962: $? = 0
configure:7965: test -s conftest.o
configure:7968: $? = 0
configure:7978: result: yes
configure:7994: checking whether getc_unlocked is declared
configure:8021: gcc -c -g -O2  conftest.c >&5
configure:8024: $? = 0
configure:8027: test -s conftest.o
configure:8030: $? = 0
configure:8040: result: yes
configure:8056: checking whether getchar_unlocked is declared
configure:8083: gcc -c -g -O2  conftest.c >&5
configure:8086: $? = 0
configure:8089: test -s conftest.o
configure:8092: $? = 0
configure:8102: result: yes
configure:8118: checking whether putc_unlocked is declared
configure:8145: gcc -c -g -O2  conftest.c >&5
configure:8148: $? = 0
configure:8151: test -s conftest.o
configure:8154: $? = 0
configure:8164: result: yes
configure:8180: checking whether putchar_unlocked is declared
configure:8207: gcc -c -g -O2  conftest.c >&5
configure:8210: $? = 0
configure:8213: test -s conftest.o
configure:8216: $? = 0
configure:8226: result: yes
configure:8244: checking whether time.h and sys/time.h may both be included
configure:8272: gcc -c -g -O2  conftest.c >&5
configure:8275: $? = 0
configure:8278: test -s conftest.o
configure:8281: $? = 0
configure:8291: result: yes
configure:8301: checking whether struct tm is in sys/time.h or time.h
configure:8327: gcc -c -g -O2  conftest.c >&5
configure:8330: $? = 0
configure:8333: test -s conftest.o
configure:8336: $? = 0
configure:8346: result: time.h
configure:8363: checking for localtime_r
configure:8406: gcc -o conftest -g -O2   conftest.c  >&5
configure:8409: $? = 0
configure:8412: test -s conftest
configure:8415: $? = 0
configure:8425: result: yes
configure:8363: checking for strftime
configure:8406: gcc -o conftest -g -O2   conftest.c  >&5
configure:8409: $? = 0
configure:8412: test -s conftest
configure:8415: $? = 0
configure:8425: result: yes
configure:8441: checking for limits.h
configure:8446: result: yes
configure:8558: checking for bcopy
configure:8601: gcc -o conftest -g -O2   conftest.c  >&5
configure:8604: $? = 0
configure:8607: test -s conftest
configure:8610: $? = 0
configure:8620: result: yes
configure:8558: checking for tzset
configure:8601: gcc -o conftest -g -O2   conftest.c  >&5
configure:8604: $? = 0
configure:8607: test -s conftest
configure:8610: $? = 0
configure:8620: result: yes
configure:8558: checking for mempcpy
configure:8601: gcc -o conftest -g -O2   conftest.c  >&5
/tmp/ccHZh6Sr.o: In function `main':
/boot/home/Development/current/src/apps/bin/diffutils-2.8.1/configure:8591: undefined reference to `mempcpy'
collect2: ld returned 1 exit status
configure:8604: $? = 1
configure: failed program was:
#line 8563 "configure"
#include "confdefs.h"
/* System header to define __stub macros and hopefully few prototypes,
    which can conflict with char mempcpy (); below.  */
#include <assert.h>
/* Override any gcc2 internal prototype to avoid an error.  */
#ifdef __cplusplus
extern "C"
#endif
/* We use char because int might match the return type of a gcc2
   builtin and then its argument prototype would still apply.  */
char mempcpy ();
char (*f) ();

#ifdef F77_DUMMY_MAIN
#  ifdef __cplusplus
     extern "C"
#  endif
   int F77_DUMMY_MAIN() { return 1; }
#endif
int
main ()
{
/* The GNU C library defines this for functions which it implements
    to always fail with ENOSYS.  Some functions are actually named
    something starting with __ and the normal name is an alias.  */
#if defined (__stub_mempcpy) || defined (__stub___mempcpy)
choke me
#else
f = mempcpy;
#endif

  ;
  return 0;
}
configure:8620: result: no
configure:8558: checking for memcpy
configure:8601: gcc -o conftest -g -O2   conftest.c  >&5
/boot/home/Development/current/src/apps/bin/diffutils-2.8.1/configure:8573: warning: conflicting types for built-in function `memcpy'
configure:8604: $? = 0
configure:8607: test -s conftest
configure:8610: $? = 0
configure:8620: result: yes
configure:8558: checking for memset
configure:8601: gcc -o conftest -g -O2   conftest.c  >&5
/boot/home/Development/current/src/apps/bin/diffutils-2.8.1/configure:8573: warning: conflicting types for built-in function `memset'
configure:8604: $? = 0
configure:8607: test -s conftest
configure:8610: $? = 0
configure:8620: result: yes
configure:8632: checking for struct tm.tm_zone
configure:8661: gcc -c -g -O2  conftest.c >&5
configure:8664: $? = 0
configure:8667: test -s conftest.o
configure:8670: $? = 0
configure:8680: result: yes
configure:8762: checking for mblen
configure:8805: gcc -o conftest -g -O2   conftest.c  >&5
configure:8808: $? = 0
configure:8811: test -s conftest
configure:8814: $? = 0
configure:8824: result: yes
configure:8762: checking for mbrlen
configure:8805: gcc -o conftest -g -O2   conftest.c  >&5
configure:8808: $? = 0
configure:8811: test -s conftest
configure:8814: $? = 0
configure:8824: result: yes
configure:8835: checking for struct tm.tm_gmtoff
configure:8862: gcc -c -g -O2  conftest.c >&5
configure:8865: $? = 0
configure:8868: test -s conftest.o
configure:8871: $? = 0
configure:8881: result: yes
configure:8907: checking sys/time.h usability
configure:8916: gcc -c -g -O2  conftest.c >&5
configure:8919: $? = 0
configure:8922: test -s conftest.o
configure:8925: $? = 0
configure:8934: result: yes
configure:8938: checking sys/time.h presence
configure:8945: gcc -E  conftest.c
configure:8951: $? = 0
configure:8969: result: yes
configure:8987: checking for sys/time.h
configure:8994: result: yes
configure:9021: checking for working malloc
configure:9042: gcc -o conftest -g -O2   conftest.c  >&5
configure:9045: $? = 0
configure:9047: ./conftest
configure:9050: $? = 0
configure:9064: result: yes
configure:9082: checking for working realloc
configure:9103: gcc -o conftest -g -O2   conftest.c  >&5
configure:9106: $? = 0
configure:9108: ./conftest
configure:9111: $? = 0
configure:9125: result: yes
configure:9138: checking for working alloca.h
configure:9162: gcc -o conftest -g -O2   conftest.c  >&5
configure:9165: $? = 0
configure:9168: test -s conftest
configure:9171: $? = 0
configure:9181: result: yes
configure:9191: checking for alloca
configure:9235: gcc -o conftest -g -O2   conftest.c  >&5
configure:9238: $? = 0
configure:9241: test -s conftest
configure:9244: $? = 0
configure:9254: result: yes
configure:9447: checking for working C stack overflow detection
configure:9539: gcc -o conftest -g -O2   conftest.c  >&5
/boot/home/Development/current/src/apps/bin/diffutils-2.8.1/configure:9458: ucontext.h: No such file or directory
configure:9542: $? = 1
configure: program exited with status 1
configure: failed program was:
#line 9455 "configure"
#include "confdefs.h"

	 #include <signal.h>
	 #include <ucontext.h>

	 static union
	 {
	   char buffer[SIGSTKSZ];
	   long double ld;
	   uintmax_t u;
	   void *p;
	 } alternate_signal_stack;

	 #if STACK_DIRECTION
	 # define find_stack_direction(ptr) STACK_DIRECTION
	 #else
	 static int
	 find_stack_direction (char const *addr)
	 {
	   char dummy;
	   return (! addr ? find_stack_direction (&dummy)
		   : addr < &dummy ? 1 : -1);
	 }
	 #endif

	 static void
	 segv_handler (int signo, siginfo_t *info, void *context)
	 {
	   if (0 < info->si_code)
	     {
	       ucontext_t const *user_context = context;
	       char const *stack_min = user_context->uc_stack.ss_sp;
	       size_t stack_size = user_context->uc_stack.ss_size;
	       char const *faulting_address = info->si_addr;
	       size_t s = faulting_address - stack_min;
	       size_t page_size = sysconf (_SC_PAGESIZE);
	       if (find_stack_direction (0) < 0)
		 s += page_size;
	       if (s < stack_size + page_size)
		 _exit (0);
	     }

	   _exit (1);
	 }

	 static int
	 c_stack_action (void)
	 {
	   stack_t st;
	   struct sigaction act;
	   int r;

	   st.ss_flags = 0;
	   st.ss_sp = alternate_signal_stack.buffer;
	   st.ss_size = sizeof alternate_signal_stack.buffer;
	   r = sigaltstack (&st, 0);
	   if (r != 0)
	     return r;

	   sigemptyset (&act.sa_mask);
	   act.sa_flags = SA_NODEFER | SA_ONSTACK | SA_RESETHAND | SA_SIGINFO;
	   act.sa_sigaction = segv_handler;
	   return sigaction (SIGSEGV, &act, 0);
	 }

	 static int
	 recurse (char *p)
	 {
	   char array[500];
	   array[0] = 1;
	   return *p + recurse (array);
	 }

	 int
	 main (void)
	 {
	   c_stack_action ();
	   return recurse ("\1");
	 }

configure:9560: result: no
configure:9581: checking for unistd.h
configure:9586: result: yes
configure:9691: checking for siginfo_t
configure:9719: gcc -c -g -O2  conftest.c >&5
/boot/home/Development/current/src/apps/bin/diffutils-2.8.1/configure: In function `main':
/boot/home/Development/current/src/apps/bin/diffutils-2.8.1/configure:9708: `siginfo_t' undeclared (first use in this function)
/boot/home/Development/current/src/apps/bin/diffutils-2.8.1/configure:9708: (Each undeclared identifier is reported only once
/boot/home/Development/current/src/apps/bin/diffutils-2.8.1/configure:9708: for each function it appears in.)
/boot/home/Development/current/src/apps/bin/diffutils-2.8.1/configure:9708: parse error before `)'
configure:9722: $? = 1
configure: failed program was:
#line 9696 "configure"
#include "confdefs.h"
#include <signal.h>

#ifdef F77_DUMMY_MAIN
#  ifdef __cplusplus
     extern "C"
#  endif
   int F77_DUMMY_MAIN() { return 1; }
#endif
int
main ()
{
if ((siginfo_t *) 0)
  return 0;
if (sizeof (siginfo_t))
  return 0;
  ;
  return 0;
}
configure:9738: result: no
configure:9748: checking for stack_t
configure:9776: gcc -c -g -O2  conftest.c >&5
configure:9779: $? = 0
configure:9782: test -s conftest.o
configure:9785: $? = 0
configure:9795: result: yes
configure:9813: checking for strerror
configure:9875: result: yes
configure:9813: checking for vprintf
configure:9875: result: yes
configure:9813: checking for doprnt
configure:9856: gcc -o conftest -g -O2   conftest.c  >&5
/tmp/ccHUZySq.o: In function `main':
/boot/home/Development/current/src/apps/bin/diffutils-2.8.1/configure:9846: undefined reference to `doprnt'
collect2: ld returned 1 exit status
configure:9859: $? = 1
configure: failed program was:
#line 9818 "configure"
#include "confdefs.h"
/* System header to define __stub macros and hopefully few prototypes,
    which can conflict with char doprnt (); below.  */
#include <assert.h>
/* Override any gcc2 internal prototype to avoid an error.  */
#ifdef __cplusplus
extern "C"
#endif
/* We use char because int might match the return type of a gcc2
   builtin and then its argument prototype would still apply.  */
char doprnt ();
char (*f) ();

#ifdef F77_DUMMY_MAIN
#  ifdef __cplusplus
     extern "C"
#  endif
   int F77_DUMMY_MAIN() { return 1; }
#endif
int
main ()
{
/* The GNU C library defines this for functions which it implements
    to always fail with ENOSYS.  Some functions are actually named
    something starting with __ and the normal name is an alias.  */
#if defined (__stub_doprnt) || defined (__stub___doprnt)
choke me
#else
f = doprnt;
#endif

  ;
  return 0;
}
configure:9875: result: no
configure:9885: checking whether strerror is declared
configure:9912: gcc -c -g -O2  conftest.c >&5
configure:9915: $? = 0
configure:9918: test -s conftest.o
configure:9921: $? = 0
configure:9931: result: yes
configure:9949: checking whether strerror_r is declared
configure:9976: gcc -c -g -O2  conftest.c >&5
/boot/home/Development/current/src/apps/bin/diffutils-2.8.1/configure: In function `main':
/boot/home/Development/current/src/apps/bin/diffutils-2.8.1/configure:9999: `strerror_r' undeclared (first use in this function)
/boot/home/Development/current/src/apps/bin/diffutils-2.8.1/configure:9999: (Each undeclared identifier is reported only once
/boot/home/Development/current/src/apps/bin/diffutils-2.8.1/configure:9999: for each function it appears in.)
configure:9979: $? = 1
configure: failed program was:
#line 9954 "configure"
#include "confdefs.h"
#include <stdio.h>
#if HAVE_SYS_TYPES_H
# include <sys/types.h>
#endif
#if HAVE_SYS_STAT_H
# include <sys/stat.h>
#endif
#if STDC_HEADERS
# include <stdlib.h>
# include <stddef.h>
#else
# if HAVE_STDLIB_H
#  include <stdlib.h>
# endif
#endif
#if HAVE_STRING_H
# if !STDC_HEADERS && HAVE_MEMORY_H
#  include <memory.h>
# endif
# include <string.h>
#endif
#if HAVE_STRINGS_H
# include <strings.h>
#endif
#if HAVE_INTTYPES_H
# include <inttypes.h>
#else
# if HAVE_STDINT_H
#  include <stdint.h>
# endif
#endif
#if HAVE_UNISTD_H
# include <unistd.h>
#endif
#ifdef F77_DUMMY_MAIN
#  ifdef __cplusplus
     extern "C"
#  endif
   int F77_DUMMY_MAIN() { return 1; }
#endif
int
main ()
{
#ifndef strerror_r
  char *p = (char *) strerror_r;
#endif

  ;
  return 0;
}
configure:9995: result: no
configure:10017: checking for strerror_r
configure:10060: gcc -o conftest -g -O2   conftest.c  >&5
configure:10063: $? = 0
configure:10066: test -s conftest
configure:10069: $? = 0
configure:10079: result: yes
configure:10089: checking whether strerror_r returns char *
configure:10169: gcc -o conftest -g -O2   conftest.c  >&5
configure:10172: $? = 0
configure:10174: ./conftest
configure:10177: $? = 0
configure:10190: result: yes
configure:10200: checking for ANSI C header files
configure:10327: result: yes
configure:10339: checking for function prototypes
configure:10342: result: yes
configure:10363: checking for setlocale
configure:10406: gcc -o conftest -g -O2   conftest.c  >&5
configure:10409: $? = 0
configure:10412: test -s conftest
configure:10415: $? = 0
configure:10425: result: yes
configure:10442: checking for locale.h
configure:10447: result: yes
configure:10442: checking for stdlib.h
configure:10447: result: yes
configure:10442: checking for string.h
configure:10447: result: yes
configure:10558: checking for isascii
configure:10601: gcc -o conftest -g -O2   conftest.c  >&5
configure:10604: $? = 0
configure:10607: test -s conftest
configure:10610: $? = 0
configure:10620: result: yes
configure:10558: checking for iswprint
configure:10601: gcc -o conftest -g -O2   conftest.c  >&5
configure:10604: $? = 0
configure:10607: test -s conftest
configure:10610: $? = 0
configure:10620: result: yes
configure:10631: checking whether mbrtowc and mbstate_t are properly declared
configure:10655: gcc -o conftest -g -O2   conftest.c  >&5
/boot/home/Development/current/src/apps/bin/diffutils-2.8.1/configure: In function `main':
/boot/home/Development/current/src/apps/bin/diffutils-2.8.1/configure:10647: `mbstate_t' undeclared (first use in this function)
/boot/home/Development/current/src/apps/bin/diffutils-2.8.1/configure:10647: (Each undeclared identifier is reported only once
/boot/home/Development/current/src/apps/bin/diffutils-2.8.1/configure:10647: for each function it appears in.)
/boot/home/Development/current/src/apps/bin/diffutils-2.8.1/configure:10647: parse error before `state'
/boot/home/Development/current/src/apps/bin/diffutils-2.8.1/configure:10647: `state' undeclared (first use in this function)
/boot/home/Development/current/src/apps/bin/diffutils-2.8.1/configure:10647: `mbrtowc' undeclared (first use in this function)
configure:10658: $? = 1
configure: failed program was:
#line 10636 "configure"
#include "confdefs.h"
#include <wchar.h>
#ifdef F77_DUMMY_MAIN
#  ifdef __cplusplus
     extern "C"
#  endif
   int F77_DUMMY_MAIN() { return 1; }
#endif
int
main ()
{
mbstate_t state; return ! (sizeof state && mbrtowc);
  ;
  return 0;
}
configure:10674: result: no
configure:10694: checking for limits.h
configure:10699: result: yes
configure:10703: checking stddef.h usability
configure:10712: gcc -c -g -O2  conftest.c >&5
configure:10715: $? = 0
configure:10718: test -s conftest.o
configure:10721: $? = 0
configure:10730: result: yes
configure:10734: checking stddef.h presence
configure:10741: gcc -E  conftest.c
configure:10747: $? = 0
configure:10765: result: yes
configure:10783: checking for stddef.h
configure:10790: result: yes
configure:10694: checking for stdlib.h
configure:10699: result: yes
configure:10694: checking for string.h
configure:10699: result: yes
configure:10703: checking wchar.h usability
configure:10712: gcc -c -g -O2  conftest.c >&5
configure:10715: $? = 0
configure:10718: test -s conftest.o
configure:10721: $? = 0
configure:10730: result: yes
configure:10734: checking wchar.h presence
configure:10741: gcc -E  conftest.c
configure:10747: $? = 0
configure:10765: result: yes
configure:10783: checking for wchar.h
configure:10790: result: yes
configure:10703: checking wctype.h usability
configure:10712: gcc -c -g -O2  conftest.c >&5
/boot/home/Development/current/src/apps/bin/diffutils-2.8.1/configure:10740: wctype.h: No such file or directory
configure:10715: $? = 1
configure: failed program was:
#line 10705 "configure"
#include "confdefs.h"
#include <stdio.h>
#if HAVE_SYS_TYPES_H
# include <sys/types.h>
#endif
#if HAVE_SYS_STAT_H
# include <sys/stat.h>
#endif
#if STDC_HEADERS
# include <stdlib.h>
# include <stddef.h>
#else
# if HAVE_STDLIB_H
#  include <stdlib.h>
# endif
#endif
#if HAVE_STRING_H
# if !STDC_HEADERS && HAVE_MEMORY_H
#  include <memory.h>
# endif
# include <string.h>
#endif
#if HAVE_STRINGS_H
# include <strings.h>
#endif
#if HAVE_INTTYPES_H
# include <inttypes.h>
#else
# if HAVE_STDINT_H
#  include <stdint.h>
# endif
#endif
#if HAVE_UNISTD_H
# include <unistd.h>
#endif
#include <wctype.h>
configure:10730: result: no
configure:10734: checking wctype.h presence
configure:10741: gcc -E  conftest.c
/boot/home/Development/current/src/apps/bin/diffutils-2.8.1/configure:10737: wctype.h: No such file or directory
configure:10747: $? = 1
configure: failed program was:
#line 10736 "configure"
#include "confdefs.h"
#include <wctype.h>
configure:10765: result: no
configure:10783: checking for wctype.h
configure:10790: result: no
configure:10803: checking for ANSI C header files
configure:10930: result: yes
configure:10941: checking whether backslash-a works in strings
configure:10972: gcc -c -g -O2  conftest.c >&5
configure:10975: $? = 0
configure:10978: test -s conftest.o
configure:10981: $? = 0
configure:10991: result: yes
configure:11007: checking for stdlib.h
configure:11012: result: yes
configure:11117: checking for mbstate_t
configure:11145: gcc -c -g -O2  conftest.c >&5
/boot/home/Development/current/src/apps/bin/diffutils-2.8.1/configure: In function `main':
/boot/home/Development/current/src/apps/bin/diffutils-2.8.1/configure:11137: `mbstate_t' undeclared (first use in this function)
/boot/home/Development/current/src/apps/bin/diffutils-2.8.1/configure:11137: (Each undeclared identifier is reported only once
/boot/home/Development/current/src/apps/bin/diffutils-2.8.1/configure:11137: for each function it appears in.)
/boot/home/Development/current/src/apps/bin/diffutils-2.8.1/configure:11137: parse error before `x'
/boot/home/Development/current/src/apps/bin/diffutils-2.8.1/configure:11137: `x' undeclared (first use in this function)
configure:11148: $? = 1
configure: failed program was:
#line 11122 "configure"
#include "confdefs.h"

#if HAVE_STDLIB_H
# include <stdlib.h>
#endif
#include <wchar.h>
#ifdef F77_DUMMY_MAIN
#  ifdef __cplusplus
     extern "C"
#  endif
   int F77_DUMMY_MAIN() { return 1; }
#endif
int
main ()
{
mbstate_t x; return sizeof x;
  ;
  return 0;
}
configure:11164: result: no
configure:11175: checking for function prototypes
configure:11178: result: yes
configure:11192: checking for ANSI C header files
configure:11319: result: yes
configure:11334: checking for string.h
configure:11339: result: yes
configure:11453: checking for bzero
configure:11496: gcc -o conftest -g -O2   conftest.c  >&5
configure:11499: $? = 0
configure:11502: test -s conftest
configure:11505: $? = 0
configure:11515: result: yes
configure:11453: checking for bcopy
configure:11515: result: yes
configure:11453: checking for isascii
configure:11515: result: yes
configure:11453: checking for btowc
configure:11496: gcc -o conftest -g -O2   conftest.c  >&5
configure:11499: $? = 0
configure:11502: test -s conftest
configure:11505: $? = 0
configure:11515: result: yes
configure:11542: checking alloca.h usability
configure:11551: gcc -c -g -O2  conftest.c >&5
configure:11554: $? = 0
configure:11557: test -s conftest.o
configure:11560: $? = 0
configure:11569: result: yes
configure:11573: checking alloca.h presence
configure:11580: gcc -E  conftest.c
configure:11586: $? = 0
configure:11604: result: yes
configure:11622: checking for alloca.h
configure:11629: result: yes
configure:11533: checking for libintl.h
configure:11538: result: no
configure:11533: checking for wctype.h
configure:11538: result: no
configure:11533: checking for wchar.h
configure:11538: result: yes
configure:11642: checking for ANSI C header files
configure:11769: result: yes
configure:11781: checking for working alloca.h
configure:11824: result: yes
configure:11834: checking for alloca
configure:11897: result: yes
configure:12094: checking for ANSI C header files
configure:12221: result: yes
configure:12231: checking whether stat file-mode macros are broken
configure:12276: result: no
configure:12294: checking for fcntl.h
configure:12299: result: yes
configure:12294: checking for sys/time.h
configure:12299: result: yes
configure:12294: checking for stdint.h
configure:12299: result: no
configure:12294: checking for unistd.h
configure:12299: result: yes
configure:12408: checking for __secure_getenv
configure:12451: gcc -o conftest -g -O2   conftest.c  >&5
/tmp/ccScM0ti.o: In function `main':
/boot/home/Development/current/src/apps/bin/diffutils-2.8.1/configure:12441: undefined reference to `__secure_getenv'
collect2: ld returned 1 exit status
configure:12454: $? = 1
configure: failed program was:
#line 12413 "configure"
#include "confdefs.h"
/* System header to define __stub macros and hopefully few prototypes,
    which can conflict with char __secure_getenv (); below.  */
#include <assert.h>
/* Override any gcc2 internal prototype to avoid an error.  */
#ifdef __cplusplus
extern "C"
#endif
/* We use char because int might match the return type of a gcc2
   builtin and then its argument prototype would still apply.  */
char __secure_getenv ();
char (*f) ();

#ifdef F77_DUMMY_MAIN
#  ifdef __cplusplus
     extern "C"
#  endif
   int F77_DUMMY_MAIN() { return 1; }
#endif
int
main ()
{
/* The GNU C library defines this for functions which it implements
    to always fail with ENOSYS.  Some functions are actually named
    something starting with __ and the normal name is an alias.  */
#if defined (__stub___secure_getenv) || defined (__stub_____secure_getenv)
choke me
#else
f = __secure_getenv;
#endif

  ;
  return 0;
}
configure:12470: result: no
configure:12408: checking for gettimeofday
configure:12470: result: yes
configure:12480: checking whether getenv is declared
configure:12507: gcc -c -g -O2  conftest.c >&5
configure:12510: $? = 0
configure:12513: test -s conftest.o
configure:12516: $? = 0
configure:12526: result: yes
configure:12546: checking for long long
configure:12571: gcc -o conftest -g -O2   conftest.c  >&5
configure:12574: $? = 0
configure:12577: test -s conftest
configure:12580: $? = 0
configure:12590: result: yes
configure:12602: checking for intmax_t
configure:12629: gcc -c -g -O2  conftest.c >&5
configure:12632: $? = 0
configure:12635: test -s conftest.o
configure:12638: $? = 0
configure:12648: result: yes
configure:12669: checking whether strtol is declared
configure:12696: gcc -c -g -O2  conftest.c >&5
configure:12699: $? = 0
configure:12702: test -s conftest.o
configure:12705: $? = 0
configure:12715: result: yes
configure:12731: checking whether strtoul is declared
configure:12758: gcc -c -g -O2  conftest.c >&5
configure:12761: $? = 0
configure:12764: test -s conftest.o
configure:12767: $? = 0
configure:12777: result: yes
configure:12793: checking whether strtoull is declared
configure:12820: gcc -c -g -O2  conftest.c >&5
configure:12823: $? = 0
configure:12826: test -s conftest.o
configure:12829: $? = 0
configure:12839: result: yes
configure:12855: checking whether strtoimax is declared
configure:12882: gcc -c -g -O2  conftest.c >&5
configure:12885: $? = 0
configure:12888: test -s conftest.o
configure:12891: $? = 0
configure:12901: result: yes
configure:12917: checking whether strtoumax is declared
configure:12944: gcc -c -g -O2  conftest.c >&5
configure:12947: $? = 0
configure:12950: test -s conftest.o
configure:12953: $? = 0
configure:12963: result: yes
configure:12988: checking for limits.h
configure:12993: result: yes
configure:12988: checking for stdlib.h
configure:12993: result: yes
configure:12988: checking for inttypes.h
configure:12993: result: yes
configure:13098: checking whether <inttypes.h> defines strtoumax as a macro
configure:13120: result: no
configure:13128: checking for strtoumax
configure:13171: gcc -o conftest -g -O2   conftest.c  >&5
configure:13174: $? = 0
configure:13177: test -s conftest
configure:13180: $? = 0
configure:13190: result: yes
configure:13375: checking for library containing clock_gettime
configure:13408: gcc -o conftest -g -O2   conftest.c  >&5
/tmp/ccCZIDrs.o: In function `main':
/boot/home/Development/current/src/apps/bin/diffutils-2.8.1/configure:13400: undefined reference to `clock_gettime'
collect2: ld returned 1 exit status
configure:13411: $? = 1
configure: failed program was:
#line 13382 "configure"
#include "confdefs.h"

/* Override any gcc2 internal prototype to avoid an error.  */
#ifdef __cplusplus
extern "C"
#endif
/* We use char because int might match the return type of a gcc2
   builtin and then its argument prototype would still apply.  */
char clock_gettime ();
#ifdef F77_DUMMY_MAIN
#  ifdef __cplusplus
     extern "C"
#  endif
   int F77_DUMMY_MAIN() { return 1; }
#endif
int
main ()
{
clock_gettime ();
  ;
  return 0;
}
configure:13454: gcc -o conftest -g -O2   conftest.c -lrt   >&5
/boot/develop/tools/gnupro/bin/ld: cannot open -lrt: No such file or directory
collect2: ld returned 1 exit status
configure:13457: $? = 1
configure: failed program was:
#line 13428 "configure"
#include "confdefs.h"

/* Override any gcc2 internal prototype to avoid an error.  */
#ifdef __cplusplus
extern "C"
#endif
/* We use char because int might match the return type of a gcc2
   builtin and then its argument prototype would still apply.  */
char clock_gettime ();
#ifdef F77_DUMMY_MAIN
#  ifdef __cplusplus
     extern "C"
#  endif
   int F77_DUMMY_MAIN() { return 1; }
#endif
int
main ()
{
clock_gettime ();
  ;
  return 0;
}
configure:13454: gcc -o conftest -g -O2   conftest.c -lposix4   >&5
/boot/develop/tools/gnupro/bin/ld: cannot open -lposix4: No such file or directory
collect2: ld returned 1 exit status
configure:13457: $? = 1
configure: failed program was:
#line 13428 "configure"
#include "confdefs.h"

/* Override any gcc2 internal prototype to avoid an error.  */
#ifdef __cplusplus
extern "C"
#endif
/* We use char because int might match the return type of a gcc2
   builtin and then its argument prototype would still apply.  */
char clock_gettime ();
#ifdef F77_DUMMY_MAIN
#  ifdef __cplusplus
     extern "C"
#  endif
   int F77_DUMMY_MAIN() { return 1; }
#endif
int
main ()
{
clock_gettime ();
  ;
  return 0;
}
configure:13476: result: no
configure:13494: checking for clock_gettime
configure:13537: gcc -o conftest -g -O2   conftest.c  >&5
/tmp/ccWIEkli.o: In function `main':
/boot/home/Development/current/src/apps/bin/diffutils-2.8.1/configure:13527: undefined reference to `clock_gettime'
collect2: ld returned 1 exit status
configure:13540: $? = 1
configure: failed program was:
#line 13499 "configure"
#include "confdefs.h"
/* System header to define __stub macros and hopefully few prototypes,
    which can conflict with char clock_gettime (); below.  */
#include <assert.h>
/* Override any gcc2 internal prototype to avoid an error.  */
#ifdef __cplusplus
extern "C"
#endif
/* We use char because int might match the return type of a gcc2
   builtin and then its argument prototype would still apply.  */
char clock_gettime ();
char (*f) ();

#ifdef F77_DUMMY_MAIN
#  ifdef __cplusplus
     extern "C"
#  endif
   int F77_DUMMY_MAIN() { return 1; }
#endif
int
main ()
{
/* The GNU C library defines this for functions which it implements
    to always fail with ENOSYS.  Some functions are actually named
    something starting with __ and the normal name is an alias.  */
#if defined (__stub_clock_gettime) || defined (__stub___clock_gettime)
choke me
#else
f = clock_gettime;
#endif

  ;
  return 0;
}
configure:13556: result: no
configure:13569: checking for working GNU-style fnmatch
configure:13605: gcc -o conftest -g -O2   conftest.c  >&5
/boot/home/Development/current/src/apps/bin/diffutils-2.8.1/configure:13582: fnmatch.h: No such file or directory
configure:13608: $? = 1
configure: program exited with status 1
configure: failed program was:
#line 13581 "configure"
#include "confdefs.h"
#include <fnmatch.h>
#ifdef F77_DUMMY_MAIN
#  ifdef __cplusplus
     extern "C"
#  endif
   int F77_DUMMY_MAIN() { return 1; }
#endif
int
main ()
{
exit (fnmatch ("a*", "abc", 0) != 0
	|| fnmatch ("xxXX", "xXxX", FNM_CASEFOLD) != 0
	|| fnmatch ("d*/*1", "d/s/1", FNM_FILE_NAME) != FNM_NOMATCH
	|| fnmatch ("*", "x", FNM_FILE_NAME | FNM_LEADING_DIR) != 0
	|| fnmatch ("x*", "x/y/z", FNM_FILE_NAME | FNM_LEADING_DIR) != 0
	|| fnmatch ("*c*", "c/x", FNM_FILE_NAME | FNM_LEADING_DIR) != 0);
  ;
  return 0;
}
configure:13626: result: no
configure:13655: checking for working re_compile_pattern
configure:13701: gcc -o conftest -g -O2   conftest.c  >&5
configure:13704: $? = 0
configure:13706: ./conftest
configure:13709: $? = 1
configure: program exited with status 1
configure: failed program was:
#line 13663 "configure"
#include "confdefs.h"
#include <stdio.h>
#include <regex.h>
	  int
	  main ()
	  {
	    static struct re_pattern_buffer regex;
	    const char *s;
	    struct re_registers regs;
	    re_set_syntax (RE_SYNTAX_POSIX_EGREP);
	    s = re_compile_pattern ("a[[:]:]]b\n", 9, &regex);
	    /* This should fail with _Invalid character class name_ error.  */
	    if (!s)
	      exit (1);

	    /* This should succeed, but doesn't for e.g. glibc-2.1.3.  */
	    s = re_compile_pattern ("{1", 2, &regex);

	    if (s)
	      exit (1);

	    /* The following example is derived from a problem report
               against gawk from Jorge Stolfi <stolfi@ic.unicamp.br>.  */
	    s = re_compile_pattern ("[an]*n", 7, &regex);
	    if (s)
	      exit (1);

	    /* This should match, but doesn't for e.g. glibc-2.2.1.  */
	    if (re_match (&regex, "an", 2, 0, &regs) != 2)
	      exit (1);

	    exit (0);
	  }

configure:13722: result: no
configure:13755: checking whether system is Windows or MSDOS
configure:13782: gcc -c -g -O2  conftest.c >&5
/boot/home/Development/current/src/apps/bin/diffutils-2.8.1/configure: In function `main':
/boot/home/Development/current/src/apps/bin/diffutils-2.8.1/configure:13773: `neither' undeclared (first use in this function)
/boot/home/Development/current/src/apps/bin/diffutils-2.8.1/configure:13773: (Each undeclared identifier is reported only once
/boot/home/Development/current/src/apps/bin/diffutils-2.8.1/configure:13773: for each function it appears in.)
/boot/home/Development/current/src/apps/bin/diffutils-2.8.1/configure:13773: parse error before `MSDOS'
configure:13785: $? = 1
configure: failed program was:
#line 13761 "configure"
#include "confdefs.h"

#ifdef F77_DUMMY_MAIN
#  ifdef __cplusplus
     extern "C"
#  endif
   int F77_DUMMY_MAIN() { return 1; }
#endif
int
main ()
{
#if !defined _WIN32 && !defined __WIN32__ && !defined __MSDOS__
neither MSDOS nor Windows
#endif
  ;
  return 0;
}
configure:13802: result: no
configure:13837: checking for fcntl.h
configure:13842: result: yes
configure:13837: checking for unistd.h
configure:13842: result: yes
configure:13946: checking for DOS-style setmode
configure:13976: gcc -o conftest -g -O2   conftest.c  >&5
/boot/home/Development/current/src/apps/bin/diffutils-2.8.1/configure:13952: io.h: No such file or directory
configure:13979: $? = 1
configure: failed program was:
#line 13951 "configure"
#include "confdefs.h"
#include <io.h>
	 #if HAVE_FCNTL_H
	 # include <fcntl.h>
	 #endif
	 #if HAVE_UNISTD_H
	 # include <unistd.h>
	 #endif
#ifdef F77_DUMMY_MAIN
#  ifdef __cplusplus
     extern "C"
#  endif
   int F77_DUMMY_MAIN() { return 1; }
#endif
int
main ()
{
int ret = setmode && setmode (1, O_BINARY);
  ;
  return 0;
}
configure:13995: result: no
configure:14096: creating ./config.status

## ---------------------- ##
## Running config.status. ##
## ---------------------- ##

This file was extended by GNU diffutils config.status 2.8.1, which was
generated by GNU Autoconf 2.53.  Invocation command line was

  CONFIG_FILES    = 
  CONFIG_HEADERS  = 
  CONFIG_LINKS    = 
  CONFIG_COMMANDS = 
  $ ./config.status 

on 

config.status:657: creating Makefile
config.status:657: creating doc/Makefile
config.status:657: creating lib/Makefile
config.status:657: creating lib/posix/Makefile
config.status:657: creating man/Makefile
config.status:657: creating m4/Makefile
config.status:657: creating ms/Makefile
config.status:657: creating po/Makefile.in
config.status:657: creating src/Makefile
config.status:761: creating config.h
config.status:1235: linking ./lib/fnmatch.hin to lib/fnmatch.h
config.status:1235: linking ./lib/regex.hin to lib/regex.h
config.status:1380: executing depfiles commands
config.status:1380: executing default-1 commands
config.status:1380: executing default commands

## ---------------- ##
## Cache variables. ##
## ---------------- ##

ac_cv_build=i586-pc-beos
ac_cv_build_alias=i586-pc-beos
ac_cv_c_backslash_a=yes
ac_cv_c_compiler_gnu=yes
ac_cv_c_const=yes
ac_cv_c_inline=inline
ac_cv_c_vararrays=yes
ac_cv_env_CC_set=
ac_cv_env_CC_value=
ac_cv_env_CFLAGS_set=
ac_cv_env_CFLAGS_value=
ac_cv_env_CPPFLAGS_set=
ac_cv_env_CPPFLAGS_value=
ac_cv_env_CPP_set=
ac_cv_env_CPP_value=
ac_cv_env_LDFLAGS_set=
ac_cv_env_LDFLAGS_value=
ac_cv_env_build_alias_set=
ac_cv_env_build_alias_value=
ac_cv_env_host_alias_set=
ac_cv_env_host_alias_value=
ac_cv_env_target_alias_set=
ac_cv_env_target_alias_value=
ac_cv_exeext=
ac_cv_func___secure_getenv=no
ac_cv_func__doprnt=no
ac_cv_func_alloca_works=yes
ac_cv_func_bcopy=yes
ac_cv_func_btowc=yes
ac_cv_func_bzero=yes
ac_cv_func_clock_gettime=no
ac_cv_func_closedir_void=no
ac_cv_func_diraccess=no
ac_cv_func_doprnt=no
ac_cv_func_dup2=yes
ac_cv_func_fnmatch_works=no
ac_cv_func_fork=yes
ac_cv_func_fork_works=yes
ac_cv_func_gettimeofday=yes
ac_cv_func_isascii=yes
ac_cv_func_iswprint=yes
ac_cv_func_localtime_r=yes
ac_cv_func_mblen=yes
ac_cv_func_mbrlen=yes
ac_cv_func_memchr=yes
ac_cv_func_memcpy=yes
ac_cv_func_mempcpy=no
ac_cv_func_memset=yes
ac_cv_func_mkstemp=yes
ac_cv_func_setlocale=yes
ac_cv_func_setmode_dos=no
ac_cv_func_sigaction=yes
ac_cv_func_sigprocmask=yes
ac_cv_func_strcasecmp=yes
ac_cv_func_strchr=yes
ac_cv_func_strerror=yes
ac_cv_func_strerror_r=yes
ac_cv_func_strerror_r_char_p=yes
ac_cv_func_strftime=yes
ac_cv_func_strtoumax=yes
ac_cv_func_tmpnam=yes
ac_cv_func_tzset=yes
ac_cv_func_vfork=no
ac_cv_func_vfork_works=no
ac_cv_func_vprintf=yes
ac_cv_func_waitpid=yes
ac_cv_have_decl_clearerr_unlocked=yes
ac_cv_have_decl_feof_unlocked=yes
ac_cv_have_decl_ferror_unlocked=yes
ac_cv_have_decl_fflush_unlocked=yes
ac_cv_have_decl_fgets_unlocked=no
ac_cv_have_decl_fputc_unlocked=yes
ac_cv_have_decl_fputs_unlocked=no
ac_cv_have_decl_fread_unlocked=yes
ac_cv_have_decl_fwrite_unlocked=yes
ac_cv_have_decl_getc_unlocked=yes
ac_cv_have_decl_getchar_unlocked=yes
ac_cv_have_decl_getenv=yes
ac_cv_have_decl_putc_unlocked=yes
ac_cv_have_decl_putchar_unlocked=yes
ac_cv_have_decl_strerror=yes
ac_cv_have_decl_strerror_r=no
ac_cv_have_decl_strtoimax=yes
ac_cv_have_decl_strtol=yes
ac_cv_have_decl_strtoul=yes
ac_cv_have_decl_strtoull=yes
ac_cv_have_decl_strtoumax=yes
ac_cv_header_alloca_h=yes
ac_cv_header_dirent_dirent_h=yes
ac_cv_header_fcntl_h=yes
ac_cv_header_inttypes_h=yes
ac_cv_header_libintl_h=no
ac_cv_header_limits_h=yes
ac_cv_header_locale_h=yes
ac_cv_header_memory_h=yes
ac_cv_header_stat_broken=no
ac_cv_header_stdbool_h=no
ac_cv_header_stdc=yes
ac_cv_header_stddef_h=yes
ac_cv_header_stdint_h=no
ac_cv_header_stdlib_h=yes
ac_cv_header_string_h=yes
ac_cv_header_strings_h=yes
ac_cv_header_sys_file_h=yes
ac_cv_header_sys_stat_h=yes
ac_cv_header_sys_time_h=yes
ac_cv_header_sys_types_h=yes
ac_cv_header_sys_wait_h=yes
ac_cv_header_time=yes
ac_cv_header_time_h=yes
ac_cv_header_unistd_h=yes
ac_cv_header_vfork_h=no
ac_cv_header_wchar_h=yes
ac_cv_header_wctype_h=no
ac_cv_host=i586-pc-beos
ac_cv_host_alias=i586-pc-beos
ac_cv_lib_cposix_strerror=no
ac_cv_member_struct_stat_st_blksize=yes
ac_cv_member_struct_stat_st_rdev=yes
ac_cv_member_struct_tm_tm_gmtoff=yes
ac_cv_member_struct_tm_tm_zone=yes
ac_cv_objext=o
ac_cv_path_GMSGFMT=:
ac_cv_path_MSGFMT=:
ac_cv_path_MSGMERGE=:
ac_cv_path_PR_PROGRAM=/bin/pr
ac_cv_path_XGETTEXT=:
ac_cv_path_install='/bin/install -c'
ac_cv_prog_AWK=gawk
ac_cv_prog_CPP='gcc -E'
ac_cv_prog_ac_ct_CC=gcc
ac_cv_prog_ac_ct_RANLIB=ranlib
ac_cv_prog_cc_g=yes
ac_cv_prog_cc_stdc=
ac_cv_prog_make_make_set=yes
ac_cv_search_clock_gettime=no
ac_cv_search_opendir='none required'
ac_cv_struct_st_mtim_nsec=no
ac_cv_struct_tm=time.h
ac_cv_sys_file_offset_bits=no
ac_cv_sys_large_files=no
ac_cv_sys_largefile_CC=no
ac_cv_sys_xsi_stack_overflow_heuristic=no
ac_cv_type_intmax_t=yes
ac_cv_type_long_long=yes
ac_cv_type_mbstate_t=no
ac_cv_type_pid_t=yes
ac_cv_type_ptrdiff_t=yes
ac_cv_type_siginfo_t=no
ac_cv_type_signal=void
ac_cv_type_ssize_t=yes
ac_cv_type_stack_t=yes
ac_cv_type_uintmax_t=yes
ac_cv_type_unsigned_long_long=yes
ac_cv_win_or_dos=no
ac_cv_working_alloca_h=yes
acl_cv_hardcode_direct=no
acl_cv_hardcode_libdir_flag_spec='${wl}-rpath ${wl}$libdir'
acl_cv_hardcode_libdir_separator=
acl_cv_hardcode_minus_L=no
acl_cv_libext=a
acl_cv_path_LD=/boot/develop/tools/gnupro/bin/ld
acl_cv_prog_gnu_ld=yes
acl_cv_rpath=done
acl_cv_shlibext=so
acl_cv_sys_lib_dlsearch_path_spec='/lib /usr/lib'
acl_cv_sys_lib_search_path_spec='/lib /usr/lib /usr/local/lib'
acl_cv_wl=-Wl,
am_cv_CC_dependencies_compiler_type=gcc
am_cv_func_iconv='no, consider installing GNU libiconv'
am_cv_lib_iconv=no
am_cv_prog_cc_stdc=
gt_cv_func_gnugettext1_libc=no
gt_cv_func_gnugettext1_libintl=no
jm_cv_func_mbrtowc=no
jm_cv_func_strtoumax_macro=no
jm_cv_func_working_malloc=yes
jm_cv_func_working_re_compile_pattern=no
jm_cv_func_working_realloc=yes

## ----------- ##
## confdefs.h. ##
## ----------- ##

#define PACKAGE_NAME "GNU diffutils"
#define PACKAGE_TARNAME "diffutils"
#define PACKAGE_VERSION "2.8.1"
#define PACKAGE_STRING "GNU diffutils 2.8.1"
#define PACKAGE_BUGREPORT "bug-gnu-utils@gnu.org"
#define PACKAGE "diffutils"
#define VERSION "2.8.1"
#ifndef _GNU_SOURCE
# define _GNU_SOURCE
#endif
#define __EXTENSIONS__ 1
#define HAVE_C_VARARRAYS 1
#define DEFAULT_DIFF_PROGRAM "diff"
#define DEFAULT_EDITOR_PROGRAM "ed"
#define PR_PROGRAM "/bin/pr"
#define STDC_HEADERS 1
#define HAVE_SYS_TYPES_H 1
#define HAVE_SYS_STAT_H 1
#define HAVE_STDLIB_H 1
#define HAVE_STRING_H 1
#define HAVE_MEMORY_H 1
#define HAVE_STRINGS_H 1
#define HAVE_INTTYPES_H 1
#define HAVE_UNISTD_H 1
#define HAVE_FCNTL_H 1
#define HAVE_LIMITS_H 1
#define HAVE_LOCALE_H 1
#define HAVE_STDLIB_H 1
#define HAVE_STRING_H 1
#define HAVE_SYS_FILE_H 1
#define HAVE_TIME_H 1
#define HAVE_UNISTD_H 1
#define HAVE_STRUCT_STAT_ST_BLKSIZE 1
#define HAVE_STRUCT_STAT_ST_RDEV 1
#define HAVE_UNSIGNED_LONG_LONG 1
#define HAVE_DIRENT_H 1
#define HAVE_SYS_WAIT_H 1
#define RETSIGTYPE void
#define HAVE_DUP2 1
#define HAVE_GETTIMEOFDAY 1
#define HAVE_SIGACTION 1
#define HAVE_SIGPROCMASK 1
#define HAVE_STRCHR 1
#define HAVE_STRERROR 1
#define HAVE_TMPNAM 1
#define HAVE_MEMCHR 1
#define HAVE_MKSTEMP 1
#define HAVE_STRCASECMP 1
#define HAVE_WAITPID 1
#define HAVE_UNISTD_H 1
#define HAVE_FORK 1
#define vfork fork
#define HAVE_WORKING_FORK 1
#define HAVE_VPRINTF 1
#define HAVE_DECL_CLEARERR_UNLOCKED 1
#define HAVE_DECL_FEOF_UNLOCKED 1
#define HAVE_DECL_FERROR_UNLOCKED 1
#define HAVE_DECL_FFLUSH_UNLOCKED 1
#define HAVE_DECL_FGETS_UNLOCKED 0
#define HAVE_DECL_FPUTC_UNLOCKED 1
#define HAVE_DECL_FPUTS_UNLOCKED 0
#define HAVE_DECL_FREAD_UNLOCKED 1
#define HAVE_DECL_FWRITE_UNLOCKED 1
#define HAVE_DECL_GETC_UNLOCKED 1
#define HAVE_DECL_GETCHAR_UNLOCKED 1
#define HAVE_DECL_PUTC_UNLOCKED 1
#define HAVE_DECL_PUTCHAR_UNLOCKED 1
#define TIME_WITH_SYS_TIME 1
#define HAVE_LOCALTIME_R 1
#define HAVE_STRFTIME 1
#define HAVE_LIMITS_H 1
#define HAVE_BCOPY 1
#define HAVE_TZSET 1
#define HAVE_MEMCPY 1
#define HAVE_MEMSET 1
#define HAVE_STRUCT_TM_TM_ZONE 1
#define HAVE_TM_ZONE 1
#define HAVE_MBLEN 1
#define HAVE_MBRLEN 1
#define HAVE_TM_GMTOFF 1
#define HAVE_SYS_TIME_H 1
#define my_strftime nstrftime
#define HAVE_DONE_WORKING_MALLOC_CHECK 1
#define HAVE_DONE_WORKING_REALLOC_CHECK 1
#define HAVE_ALLOCA_H 1
#define HAVE_ALLOCA 1
#define HAVE_UNISTD_H 1
#define HAVE_STACK_T 1
#define HAVE_STRERROR 1
#define HAVE_VPRINTF 1
#define HAVE_DECL_STRERROR 1
#define HAVE_DECL_STRERROR_R 0
#define HAVE_STRERROR_R 1
#define STRERROR_R_CHAR_P 1
#define STDC_HEADERS 1
#define PROTOTYPES 1
#define __PROTOTYPES 1
#define HAVE_SETLOCALE 1
#define HAVE_LOCALE_H 1
#define HAVE_STDLIB_H 1
#define HAVE_STRING_H 1
#define HAVE_ISASCII 1
#define HAVE_ISWPRINT 1
#define HAVE_LIMITS_H 1
#define HAVE_STDDEF_H 1
#define HAVE_STDLIB_H 1
#define HAVE_STRING_H 1
#define HAVE_WCHAR_H 1
#define STDC_HEADERS 1
#define HAVE_C_BACKSLASH_A 1
#define HAVE_STDLIB_H 1
#define mbstate_t int
#define PROTOTYPES 1
#define STDC_HEADERS 1
#define HAVE_STRING_H 1
#define HAVE_BZERO 1
#define HAVE_BCOPY 1
#define HAVE_ISASCII 1
#define HAVE_BTOWC 1
#define HAVE_ALLOCA_H 1
#define HAVE_WCHAR_H 1
#define STDC_HEADERS 1
#define HAVE_ALLOCA_H 1
#define HAVE_ALLOCA 1
#define REGEX_MALLOC 1
#define STDC_HEADERS 1
#define HAVE_FCNTL_H 1
#define HAVE_SYS_TIME_H 1
#define HAVE_UNISTD_H 1
#define HAVE_GETTIMEOFDAY 1
#define HAVE_DECL_GETENV 1
#define HAVE_LONG_LONG 1
#define HAVE_DECL_STRTOL 1
#define HAVE_DECL_STRTOUL 1
#define HAVE_DECL_STRTOULL 1
#define HAVE_DECL_STRTOIMAX 1
#define HAVE_DECL_STRTOUMAX 1
#define HAVE_LIMITS_H 1
#define HAVE_STDLIB_H 1
#define HAVE_INTTYPES_H 1
#define HAVE_STRTOUMAX 1
#define FILESYSTEM_ACCEPTS_DRIVE_LETTER_PREFIX 0
#define FILESYSTEM_BACKSLASH_IS_FILE_NAME_SEPARATOR 0
#define HAVE_FCNTL_H 1
#define HAVE_UNISTD_H 1

configure: exit 0
